12:35:08 **** Incremental Build of configuration Debug for project FunctionGeneratorCortexM4_SW_V1 ****
make -j4 all 
arm-none-eabi-size   FunctionGeneratorCortexM4_SW_V1.elf 
   text	   data	    bss	    dec	    hex	filename
  26024	    124	   2300	  28448	   6f20	FunctionGeneratorCortexM4_SW_V1.elf
Finished building: default.size.stdout
 
12:35:35 **** Incremental Build of configuration Debug for project FunctionGeneratorCortexM4_SW_V1 ****
make -j4 all 
arm-none-eabi-size   FunctionGeneratorCortexM4_SW_V1.elf 
   text	   data	    bss	    dec	    hex	filename
  26024	    124	   2300	  28448	   6f20	FunctionGeneratorCortexM4_SW_V1.elf
Finished building: default.size.stdout
 
12:37:52 **** Incremental Build of configuration Debug for project FunctionGeneratorCortexM4_SW_V1 ****
make -j4 all 
arm-none-eabi-gcc "/home/chris/Projects/Embedded/FunctionGeneratorCortexM4_SW/ILI9341/ILI9341_GFX.c" -mcpu=cortex-m4 -std=gnu11 -g3 -DUSE_HAL_DRIVER -DSTM32G474xx -DDEBUG -c -I../Drivers/STM32G4xx_HAL_Driver/Inc/Legacy -I../Drivers/CMSIS/Include -I../Drivers/CMSIS/Device/ST/STM32G4xx/Include -I../Core/Inc -I../Drivers/STM32G4xx_HAL_Driver/Inc -I"/home/chris/Projects/Embedded/FunctionGeneratorCortexM4_SW/ILI9341" -O0 -ffunction-sections -fdata-sections -Wall -fstack-usage -MMD -MP -MF"ILI9341/ILI9341_GFX.d" -MT"ILI9341/ILI9341_GFX.o" --specs=nano.specs -mfpu=fpv4-sp-d16 -mfloat-abi=hard -mthumb -o "ILI9341/ILI9341_GFX.o"
arm-none-eabi-gcc "/home/chris/Projects/Embedded/FunctionGeneratorCortexM4_SW/ILI9341/ILI9341_STM32_Driver.c" -mcpu=cortex-m4 -std=gnu11 -g3 -DUSE_HAL_DRIVER -DSTM32G474xx -DDEBUG -c -I../Drivers/STM32G4xx_HAL_Driver/Inc/Legacy -I../Drivers/CMSIS/Include -I../Drivers/CMSIS/Device/ST/STM32G4xx/Include -I../Core/Inc -I../Drivers/STM32G4xx_HAL_Driver/Inc -I"/home/chris/Projects/Embedded/FunctionGeneratorCortexM4_SW/ILI9341" -O0 -ffunction-sections -fdata-sections -Wall -fstack-usage -MMD -MP -MF"ILI9341/ILI9341_STM32_Driver.d" -MT"ILI9341/ILI9341_STM32_Driver.o" --specs=nano.specs -mfpu=fpv4-sp-d16 -mfloat-abi=hard -mthumb -o "ILI9341/ILI9341_STM32_Driver.o"
arm-none-eabi-gcc "../Core/Src/main.c" -mcpu=cortex-m4 -std=gnu11 -g3 -DUSE_HAL_DRIVER -DSTM32G474xx -DDEBUG -c -I../Drivers/STM32G4xx_HAL_Driver/Inc/Legacy -I../Drivers/CMSIS/Include -I../Drivers/CMSIS/Device/ST/STM32G4xx/Include -I../Core/Inc -I../Drivers/STM32G4xx_HAL_Driver/Inc -I"/home/chris/Projects/Embedded/FunctionGeneratorCortexM4_SW/ILI9341" -O0 -ffunction-sections -fdata-sections -Wall -fstack-usage -MMD -MP -MF"Core/Src/main.d" -MT"Core/Src/main.o" --specs=nano.specs -mfpu=fpv4-sp-d16 -mfloat-abi=hard -mthumb -o "Core/Src/main.o"
arm-none-eabi-gcc -o "FunctionGeneratorCortexM4_SW_V1.elf" @"objects.list"   -mcpu=cortex-m4 -T"/home/chris/Projects/Embedded/FunctionGeneratorCortexM4_SW/FunctionGeneratorCortexM4_SW_V1/STM32G474RETX_FLASH.ld" --specs=nosys.specs -Wl,-Map="FunctionGeneratorCortexM4_SW_V1.map" -Wl,--gc-sections -static --specs=nano.specs -mfpu=fpv4-sp-d16 -mfloat-abi=hard -mthumb -Wl,--start-group -lc -lm -Wl,--end-group
Finished building target: FunctionGeneratorCortexM4_SW_V1.elf
 
arm-none-eabi-objdump -h -S  FunctionGeneratorCortexM4_SW_V1.elf  > "FunctionGeneratorCortexM4_SW_V1.list"
arm-none-eabi-objcopy  -O binary  FunctionGeneratorCortexM4_SW_V1.elf  "FunctionGeneratorCortexM4_SW_V1.bin"
arm-none-eabi-size   FunctionGeneratorCortexM4_SW_V1.elf 
   text	   data	    bss	    dec	    hex	filename
  28280	    128	   2304	  30712	   77f8	FunctionGeneratorCortexM4_SW_V1.elf
Finished building: default.size.stdout
 
Finished building: FunctionGeneratorCortexM4_SW_V1.bin
 
Finished building: FunctionGeneratorCortexM4_SW_V1.list
 
12:40:50 **** Clean-only build of configuration Debug for project FunctionGeneratorCortexM4_SW_V1 ****
make -j4 clean 
rm -rf *
 
12:40:50 **** Incremental Build of configuration Debug for project FunctionGeneratorCortexM4_SW_V1 ****
make -j4 all 
arm-none-eabi-gcc "/home/chris/Projects/Embedded/FunctionGeneratorCortexM4_SW/ILI9341/ILI9341_GFX.c" -mcpu=cortex-m4 -std=gnu11 -g3 -DUSE_HAL_DRIVER -DSTM32G474xx -DDEBUG -c -I../Drivers/STM32G4xx_HAL_Driver/Inc/Legacy -I../Drivers/CMSIS/Include -I../Drivers/CMSIS/Device/ST/STM32G4xx/Include -I../Core/Inc -I../Drivers/STM32G4xx_HAL_Driver/Inc -I"/home/chris/Projects/Embedded/FunctionGeneratorCortexM4_SW/ILI9341" -O0 -ffunction-sections -fdata-sections -Wall -fstack-usage -MMD -MP -MF"ILI9341/ILI9341_GFX.d" -MT"ILI9341/ILI9341_GFX.o" --specs=nano.specs -mfpu=fpv4-sp-d16 -mfloat-abi=hard -mthumb -o "ILI9341/ILI9341_GFX.o"
arm-none-eabi-gcc "/home/chris/Projects/Embedded/FunctionGeneratorCortexM4_SW/ILI9341/ILI9341_STM32_Driver.c" -mcpu=cortex-m4 -std=gnu11 -g3 -DUSE_HAL_DRIVER -DSTM32G474xx -DDEBUG -c -I../Drivers/STM32G4xx_HAL_Driver/Inc/Legacy -I../Drivers/CMSIS/Include -I../Drivers/CMSIS/Device/ST/STM32G4xx/Include -I../Core/Inc -I../Drivers/STM32G4xx_HAL_Driver/Inc -I"/home/chris/Projects/Embedded/FunctionGeneratorCortexM4_SW/ILI9341" -O0 -ffunction-sections -fdata-sections -Wall -fstack-usage -MMD -MP -MF"ILI9341/ILI9341_STM32_Driver.d" -MT"ILI9341/ILI9341_STM32_Driver.o" --specs=nano.specs -mfpu=fpv4-sp-d16 -mfloat-abi=hard -mthumb -o "ILI9341/ILI9341_STM32_Driver.o"
arm-none-eabi-gcc "../Drivers/STM32G4xx_HAL_Driver/Src/stm32g4xx_hal.c" -mcpu=cortex-m4 -std=gnu11 -g3 -DUSE_HAL_DRIVER -DSTM32G474xx -DDEBUG -c -I../Drivers/STM32G4xx_HAL_Driver/Inc/Legacy -I../Drivers/CMSIS/Include -I../Drivers/CMSIS/Device/ST/STM32G4xx/Include -I../Core/Inc -I../Drivers/STM32G4xx_HAL_Driver/Inc -I"/home/chris/Projects/Embedded/FunctionGeneratorCortexM4_SW/ILI9341" -O0 -ffunction-sections -fdata-sections -Wall -fstack-usage -MMD -MP -MF"Drivers/STM32G4xx_HAL_Driver/Src/stm32g4xx_hal.d" -MT"Drivers/STM32G4xx_HAL_Driver/Src/stm32g4xx_hal.o" --specs=nano.specs -mfpu=fpv4-sp-d16 -mfloat-abi=hard -mthumb -o "Drivers/STM32G4xx_HAL_Driver/Src/stm32g4xx_hal.o"
arm-none-eabi-gcc "../Drivers/STM32G4xx_HAL_Driver/Src/stm32g4xx_hal_adc.c" -mcpu=cortex-m4 -std=gnu11 -g3 -DUSE_HAL_DRIVER -DSTM32G474xx -DDEBUG -c -I../Drivers/STM32G4xx_HAL_Driver/Inc/Legacy -I../Drivers/CMSIS/Include -I../Drivers/CMSIS/Device/ST/STM32G4xx/Include -I../Core/Inc -I../Drivers/STM32G4xx_HAL_Driver/Inc -I"/home/chris/Projects/Embedded/FunctionGeneratorCortexM4_SW/ILI9341" -O0 -ffunction-sections -fdata-sections -Wall -fstack-usage -MMD -MP -MF"Drivers/STM32G4xx_HAL_Driver/Src/stm32g4xx_hal_adc.d" -MT"Drivers/STM32G4xx_HAL_Driver/Src/stm32g4xx_hal_adc.o" --specs=nano.specs -mfpu=fpv4-sp-d16 -mfloat-abi=hard -mthumb -o "Drivers/STM32G4xx_HAL_Driver/Src/stm32g4xx_hal_adc.o"
arm-none-eabi-gcc "../Drivers/STM32G4xx_HAL_Driver/Src/stm32g4xx_hal_adc_ex.c" -mcpu=cortex-m4 -std=gnu11 -g3 -DUSE_HAL_DRIVER -DSTM32G474xx -DDEBUG -c -I../Drivers/STM32G4xx_HAL_Driver/Inc/Legacy -I../Drivers/CMSIS/Include -I../Drivers/CMSIS/Device/ST/STM32G4xx/Include -I../Core/Inc -I../Drivers/STM32G4xx_HAL_Driver/Inc -I"/home/chris/Projects/Embedded/FunctionGeneratorCortexM4_SW/ILI9341" -O0 -ffunction-sections -fdata-sections -Wall -fstack-usage -MMD -MP -MF"Drivers/STM32G4xx_HAL_Driver/Src/stm32g4xx_hal_adc_ex.d" -MT"Drivers/STM32G4xx_HAL_Driver/Src/stm32g4xx_hal_adc_ex.o" --specs=nano.specs -mfpu=fpv4-sp-d16 -mfloat-abi=hard -mthumb -o "Drivers/STM32G4xx_HAL_Driver/Src/stm32g4xx_hal_adc_ex.o"
arm-none-eabi-gcc "../Drivers/STM32G4xx_HAL_Driver/Src/stm32g4xx_hal_comp.c" -mcpu=cortex-m4 -std=gnu11 -g3 -DUSE_HAL_DRIVER -DSTM32G474xx -DDEBUG -c -I../Drivers/STM32G4xx_HAL_Driver/Inc/Legacy -I../Drivers/CMSIS/Include -I../Drivers/CMSIS/Device/ST/STM32G4xx/Include -I../Core/Inc -I../Drivers/STM32G4xx_HAL_Driver/Inc -I"/home/chris/Projects/Embedded/FunctionGeneratorCortexM4_SW/ILI9341" -O0 -ffunction-sections -fdata-sections -Wall -fstack-usage -MMD -MP -MF"Drivers/STM32G4xx_HAL_Driver/Src/stm32g4xx_hal_comp.d" -MT"Drivers/STM32G4xx_HAL_Driver/Src/stm32g4xx_hal_comp.o" --specs=nano.specs -mfpu=fpv4-sp-d16 -mfloat-abi=hard -mthumb -o "Drivers/STM32G4xx_HAL_Driver/Src/stm32g4xx_hal_comp.o"
arm-none-eabi-gcc "../Drivers/STM32G4xx_HAL_Driver/Src/stm32g4xx_hal_cortex.c" -mcpu=cortex-m4 -std=gnu11 -g3 -DUSE_HAL_DRIVER -DSTM32G474xx -DDEBUG -c -I../Drivers/STM32G4xx_HAL_Driver/Inc/Legacy -I../Drivers/CMSIS/Include -I../Drivers/CMSIS/Device/ST/STM32G4xx/Include -I../Core/Inc -I../Drivers/STM32G4xx_HAL_Driver/Inc -I"/home/chris/Projects/Embedded/FunctionGeneratorCortexM4_SW/ILI9341" -O0 -ffunction-sections -fdata-sections -Wall -fstack-usage -MMD -MP -MF"Drivers/STM32G4xx_HAL_Driver/Src/stm32g4xx_hal_cortex.d" -MT"Drivers/STM32G4xx_HAL_Driver/Src/stm32g4xx_hal_cortex.o" --specs=nano.specs -mfpu=fpv4-sp-d16 -mfloat-abi=hard -mthumb -o "Drivers/STM32G4xx_HAL_Driver/Src/stm32g4xx_hal_cortex.o"
arm-none-eabi-gcc "../Drivers/STM32G4xx_HAL_Driver/Src/stm32g4xx_hal_dac.c" -mcpu=cortex-m4 -std=gnu11 -g3 -DUSE_HAL_DRIVER -DSTM32G474xx -DDEBUG -c -I../Drivers/STM32G4xx_HAL_Driver/Inc/Legacy -I../Drivers/CMSIS/Include -I../Drivers/CMSIS/Device/ST/STM32G4xx/Include -I../Core/Inc -I../Drivers/STM32G4xx_HAL_Driver/Inc -I"/home/chris/Projects/Embedded/FunctionGeneratorCortexM4_SW/ILI9341" -O0 -ffunction-sections -fdata-sections -Wall -fstack-usage -MMD -MP -MF"Drivers/STM32G4xx_HAL_Driver/Src/stm32g4xx_hal_dac.d" -MT"Drivers/STM32G4xx_HAL_Driver/Src/stm32g4xx_hal_dac.o" --specs=nano.specs -mfpu=fpv4-sp-d16 -mfloat-abi=hard -mthumb -o "Drivers/STM32G4xx_HAL_Driver/Src/stm32g4xx_hal_dac.o"
arm-none-eabi-gcc "../Drivers/STM32G4xx_HAL_Driver/Src/stm32g4xx_hal_dac_ex.c" -mcpu=cortex-m4 -std=gnu11 -g3 -DUSE_HAL_DRIVER -DSTM32G474xx -DDEBUG -c -I../Drivers/STM32G4xx_HAL_Driver/Inc/Legacy -I../Drivers/CMSIS/Include -I../Drivers/CMSIS/Device/ST/STM32G4xx/Include -I../Core/Inc -I../Drivers/STM32G4xx_HAL_Driver/Inc -I"/home/chris/Projects/Embedded/FunctionGeneratorCortexM4_SW/ILI9341" -O0 -ffunction-sections -fdata-sections -Wall -fstack-usage -MMD -MP -MF"Drivers/STM32G4xx_HAL_Driver/Src/stm32g4xx_hal_dac_ex.d" -MT"Drivers/STM32G4xx_HAL_Driver/Src/stm32g4xx_hal_dac_ex.o" --specs=nano.specs -mfpu=fpv4-sp-d16 -mfloat-abi=hard -mthumb -o "Drivers/STM32G4xx_HAL_Driver/Src/stm32g4xx_hal_dac_ex.o"
arm-none-eabi-gcc "../Drivers/STM32G4xx_HAL_Driver/Src/stm32g4xx_hal_dma.c" -mcpu=cortex-m4 -std=gnu11 -g3 -DUSE_HAL_DRIVER -DSTM32G474xx -DDEBUG -c -I../Drivers/STM32G4xx_HAL_Driver/Inc/Legacy -I../Drivers/CMSIS/Include -I../Drivers/CMSIS/Device/ST/STM32G4xx/Include -I../Core/Inc -I../Drivers/STM32G4xx_HAL_Driver/Inc -I"/home/chris/Projects/Embedded/FunctionGeneratorCortexM4_SW/ILI9341" -O0 -ffunction-sections -fdata-sections -Wall -fstack-usage -MMD -MP -MF"Drivers/STM32G4xx_HAL_Driver/Src/stm32g4xx_hal_dma.d" -MT"Drivers/STM32G4xx_HAL_Driver/Src/stm32g4xx_hal_dma.o" --specs=nano.specs -mfpu=fpv4-sp-d16 -mfloat-abi=hard -mthumb -o "Drivers/STM32G4xx_HAL_Driver/Src/stm32g4xx_hal_dma.o"
arm-none-eabi-gcc "../Drivers/STM32G4xx_HAL_Driver/Src/stm32g4xx_hal_dma_ex.c" -mcpu=cortex-m4 -std=gnu11 -g3 -DUSE_HAL_DRIVER -DSTM32G474xx -DDEBUG -c -I../Drivers/STM32G4xx_HAL_Driver/Inc/Legacy -I../Drivers/CMSIS/Include -I../Drivers/CMSIS/Device/ST/STM32G4xx/Include -I../Core/Inc -I../Drivers/STM32G4xx_HAL_Driver/Inc -I"/home/chris/Projects/Embedded/FunctionGeneratorCortexM4_SW/ILI9341" -O0 -ffunction-sections -fdata-sections -Wall -fstack-usage -MMD -MP -MF"Drivers/STM32G4xx_HAL_Driver/Src/stm32g4xx_hal_dma_ex.d" -MT"Drivers/STM32G4xx_HAL_Driver/Src/stm32g4xx_hal_dma_ex.o" --specs=nano.specs -mfpu=fpv4-sp-d16 -mfloat-abi=hard -mthumb -o "Drivers/STM32G4xx_HAL_Driver/Src/stm32g4xx_hal_dma_ex.o"
arm-none-eabi-gcc "../Drivers/STM32G4xx_HAL_Driver/Src/stm32g4xx_hal_exti.c" -mcpu=cortex-m4 -std=gnu11 -g3 -DUSE_HAL_DRIVER -DSTM32G474xx -DDEBUG -c -I../Drivers/STM32G4xx_HAL_Driver/Inc/Legacy -I../Drivers/CMSIS/Include -I../Drivers/CMSIS/Device/ST/STM32G4xx/Include -I../Core/Inc -I../Drivers/STM32G4xx_HAL_Driver/Inc -I"/home/chris/Projects/Embedded/FunctionGeneratorCortexM4_SW/ILI9341" -O0 -ffunction-sections -fdata-sections -Wall -fstack-usage -MMD -MP -MF"Drivers/STM32G4xx_HAL_Driver/Src/stm32g4xx_hal_exti.d" -MT"Drivers/STM32G4xx_HAL_Driver/Src/stm32g4xx_hal_exti.o" --specs=nano.specs -mfpu=fpv4-sp-d16 -mfloat-abi=hard -mthumb -o "Drivers/STM32G4xx_HAL_Driver/Src/stm32g4xx_hal_exti.o"
arm-none-eabi-gcc "../Drivers/STM32G4xx_HAL_Driver/Src/stm32g4xx_hal_flash.c" -mcpu=cortex-m4 -std=gnu11 -g3 -DUSE_HAL_DRIVER -DSTM32G474xx -DDEBUG -c -I../Drivers/STM32G4xx_HAL_Driver/Inc/Legacy -I../Drivers/CMSIS/Include -I../Drivers/CMSIS/Device/ST/STM32G4xx/Include -I../Core/Inc -I../Drivers/STM32G4xx_HAL_Driver/Inc -I"/home/chris/Projects/Embedded/FunctionGeneratorCortexM4_SW/ILI9341" -O0 -ffunction-sections -fdata-sections -Wall -fstack-usage -MMD -MP -MF"Drivers/STM32G4xx_HAL_Driver/Src/stm32g4xx_hal_flash.d" -MT"Drivers/STM32G4xx_HAL_Driver/Src/stm32g4xx_hal_flash.o" --specs=nano.specs -mfpu=fpv4-sp-d16 -mfloat-abi=hard -mthumb -o "Drivers/STM32G4xx_HAL_Driver/Src/stm32g4xx_hal_flash.o"
arm-none-eabi-gcc "../Drivers/STM32G4xx_HAL_Driver/Src/stm32g4xx_hal_flash_ex.c" -mcpu=cortex-m4 -std=gnu11 -g3 -DUSE_HAL_DRIVER -DSTM32G474xx -DDEBUG -c -I../Drivers/STM32G4xx_HAL_Driver/Inc/Legacy -I../Drivers/CMSIS/Include -I../Drivers/CMSIS/Device/ST/STM32G4xx/Include -I../Core/Inc -I../Drivers/STM32G4xx_HAL_Driver/Inc -I"/home/chris/Projects/Embedded/FunctionGeneratorCortexM4_SW/ILI9341" -O0 -ffunction-sections -fdata-sections -Wall -fstack-usage -MMD -MP -MF"Drivers/STM32G4xx_HAL_Driver/Src/stm32g4xx_hal_flash_ex.d" -MT"Drivers/STM32G4xx_HAL_Driver/Src/stm32g4xx_hal_flash_ex.o" --specs=nano.specs -mfpu=fpv4-sp-d16 -mfloat-abi=hard -mthumb -o "Drivers/STM32G4xx_HAL_Driver/Src/stm32g4xx_hal_flash_ex.o"
arm-none-eabi-gcc "../Drivers/STM32G4xx_HAL_Driver/Src/stm32g4xx_hal_flash_ramfunc.c" -mcpu=cortex-m4 -std=gnu11 -g3 -DUSE_HAL_DRIVER -DSTM32G474xx -DDEBUG -c -I../Drivers/STM32G4xx_HAL_Driver/Inc/Legacy -I../Drivers/CMSIS/Include -I../Drivers/CMSIS/Device/ST/STM32G4xx/Include -I../Core/Inc -I../Drivers/STM32G4xx_HAL_Driver/Inc -I"/home/chris/Projects/Embedded/FunctionGeneratorCortexM4_SW/ILI9341" -O0 -ffunction-sections -fdata-sections -Wall -fstack-usage -MMD -MP -MF"Drivers/STM32G4xx_HAL_Driver/Src/stm32g4xx_hal_flash_ramfunc.d" -MT"Drivers/STM32G4xx_HAL_Driver/Src/stm32g4xx_hal_flash_ramfunc.o" --specs=nano.specs -mfpu=fpv4-sp-d16 -mfloat-abi=hard -mthumb -o "Drivers/STM32G4xx_HAL_Driver/Src/stm32g4xx_hal_flash_ramfunc.o"
arm-none-eabi-gcc "../Drivers/STM32G4xx_HAL_Driver/Src/stm32g4xx_hal_gpio.c" -mcpu=cortex-m4 -std=gnu11 -g3 -DUSE_HAL_DRIVER -DSTM32G474xx -DDEBUG -c -I../Drivers/STM32G4xx_HAL_Driver/Inc/Legacy -I../Drivers/CMSIS/Include -I../Drivers/CMSIS/Device/ST/STM32G4xx/Include -I../Core/Inc -I../Drivers/STM32G4xx_HAL_Driver/Inc -I"/home/chris/Projects/Embedded/FunctionGeneratorCortexM4_SW/ILI9341" -O0 -ffunction-sections -fdata-sections -Wall -fstack-usage -MMD -MP -MF"Drivers/STM32G4xx_HAL_Driver/Src/stm32g4xx_hal_gpio.d" -MT"Drivers/STM32G4xx_HAL_Driver/Src/stm32g4xx_hal_gpio.o" --specs=nano.specs -mfpu=fpv4-sp-d16 -mfloat-abi=hard -mthumb -o "Drivers/STM32G4xx_HAL_Driver/Src/stm32g4xx_hal_gpio.o"
arm-none-eabi-gcc "../Drivers/STM32G4xx_HAL_Driver/Src/stm32g4xx_hal_pwr.c" -mcpu=cortex-m4 -std=gnu11 -g3 -DUSE_HAL_DRIVER -DSTM32G474xx -DDEBUG -c -I../Drivers/STM32G4xx_HAL_Driver/Inc/Legacy -I../Drivers/CMSIS/Include -I../Drivers/CMSIS/Device/ST/STM32G4xx/Include -I../Core/Inc -I../Drivers/STM32G4xx_HAL_Driver/Inc -I"/home/chris/Projects/Embedded/FunctionGeneratorCortexM4_SW/ILI9341" -O0 -ffunction-sections -fdata-sections -Wall -fstack-usage -MMD -MP -MF"Drivers/STM32G4xx_HAL_Driver/Src/stm32g4xx_hal_pwr.d" -MT"Drivers/STM32G4xx_HAL_Driver/Src/stm32g4xx_hal_pwr.o" --specs=nano.specs -mfpu=fpv4-sp-d16 -mfloat-abi=hard -mthumb -o "Drivers/STM32G4xx_HAL_Driver/Src/stm32g4xx_hal_pwr.o"
arm-none-eabi-gcc "../Drivers/STM32G4xx_HAL_Driver/Src/stm32g4xx_hal_pwr_ex.c" -mcpu=cortex-m4 -std=gnu11 -g3 -DUSE_HAL_DRIVER -DSTM32G474xx -DDEBUG -c -I../Drivers/STM32G4xx_HAL_Driver/Inc/Legacy -I../Drivers/CMSIS/Include -I../Drivers/CMSIS/Device/ST/STM32G4xx/Include -I../Core/Inc -I../Drivers/STM32G4xx_HAL_Driver/Inc -I"/home/chris/Projects/Embedded/FunctionGeneratorCortexM4_SW/ILI9341" -O0 -ffunction-sections -fdata-sections -Wall -fstack-usage -MMD -MP -MF"Drivers/STM32G4xx_HAL_Driver/Src/stm32g4xx_hal_pwr_ex.d" -MT"Drivers/STM32G4xx_HAL_Driver/Src/stm32g4xx_hal_pwr_ex.o" --specs=nano.specs -mfpu=fpv4-sp-d16 -mfloat-abi=hard -mthumb -o "Drivers/STM32G4xx_HAL_Driver/Src/stm32g4xx_hal_pwr_ex.o"
arm-none-eabi-gcc "../Drivers/STM32G4xx_HAL_Driver/Src/stm32g4xx_hal_rcc.c" -mcpu=cortex-m4 -std=gnu11 -g3 -DUSE_HAL_DRIVER -DSTM32G474xx -DDEBUG -c -I../Drivers/STM32G4xx_HAL_Driver/Inc/Legacy -I../Drivers/CMSIS/Include -I../Drivers/CMSIS/Device/ST/STM32G4xx/Include -I../Core/Inc -I../Drivers/STM32G4xx_HAL_Driver/Inc -I"/home/chris/Projects/Embedded/FunctionGeneratorCortexM4_SW/ILI9341" -O0 -ffunction-sections -fdata-sections -Wall -fstack-usage -MMD -MP -MF"Drivers/STM32G4xx_HAL_Driver/Src/stm32g4xx_hal_rcc.d" -MT"Drivers/STM32G4xx_HAL_Driver/Src/stm32g4xx_hal_rcc.o" --specs=nano.specs -mfpu=fpv4-sp-d16 -mfloat-abi=hard -mthumb -o "Drivers/STM32G4xx_HAL_Driver/Src/stm32g4xx_hal_rcc.o"
arm-none-eabi-gcc "../Drivers/STM32G4xx_HAL_Driver/Src/stm32g4xx_hal_rcc_ex.c" -mcpu=cortex-m4 -std=gnu11 -g3 -DUSE_HAL_DRIVER -DSTM32G474xx -DDEBUG -c -I../Drivers/STM32G4xx_HAL_Driver/Inc/Legacy -I../Drivers/CMSIS/Include -I../Drivers/CMSIS/Device/ST/STM32G4xx/Include -I../Core/Inc -I../Drivers/STM32G4xx_HAL_Driver/Inc -I"/home/chris/Projects/Embedded/FunctionGeneratorCortexM4_SW/ILI9341" -O0 -ffunction-sections -fdata-sections -Wall -fstack-usage -MMD -MP -MF"Drivers/STM32G4xx_HAL_Driver/Src/stm32g4xx_hal_rcc_ex.d" -MT"Drivers/STM32G4xx_HAL_Driver/Src/stm32g4xx_hal_rcc_ex.o" --specs=nano.specs -mfpu=fpv4-sp-d16 -mfloat-abi=hard -mthumb -o "Drivers/STM32G4xx_HAL_Driver/Src/stm32g4xx_hal_rcc_ex.o"
arm-none-eabi-gcc "../Drivers/STM32G4xx_HAL_Driver/Src/stm32g4xx_hal_rng.c" -mcpu=cortex-m4 -std=gnu11 -g3 -DUSE_HAL_DRIVER -DSTM32G474xx -DDEBUG -c -I../Drivers/STM32G4xx_HAL_Driver/Inc/Legacy -I../Drivers/CMSIS/Include -I../Drivers/CMSIS/Device/ST/STM32G4xx/Include -I../Core/Inc -I../Drivers/STM32G4xx_HAL_Driver/Inc -I"/home/chris/Projects/Embedded/FunctionGeneratorCortexM4_SW/ILI9341" -O0 -ffunction-sections -fdata-sections -Wall -fstack-usage -MMD -MP -MF"Drivers/STM32G4xx_HAL_Driver/Src/stm32g4xx_hal_rng.d" -MT"Drivers/STM32G4xx_HAL_Driver/Src/stm32g4xx_hal_rng.o" --specs=nano.specs -mfpu=fpv4-sp-d16 -mfloat-abi=hard -mthumb -o "Drivers/STM32G4xx_HAL_Driver/Src/stm32g4xx_hal_rng.o"
arm-none-eabi-gcc "../Drivers/STM32G4xx_HAL_Driver/Src/stm32g4xx_hal_spi.c" -mcpu=cortex-m4 -std=gnu11 -g3 -DUSE_HAL_DRIVER -DSTM32G474xx -DDEBUG -c -I../Drivers/STM32G4xx_HAL_Driver/Inc/Legacy -I../Drivers/CMSIS/Include -I../Drivers/CMSIS/Device/ST/STM32G4xx/Include -I../Core/Inc -I../Drivers/STM32G4xx_HAL_Driver/Inc -I"/home/chris/Projects/Embedded/FunctionGeneratorCortexM4_SW/ILI9341" -O0 -ffunction-sections -fdata-sections -Wall -fstack-usage -MMD -MP -MF"Drivers/STM32G4xx_HAL_Driver/Src/stm32g4xx_hal_spi.d" -MT"Drivers/STM32G4xx_HAL_Driver/Src/stm32g4xx_hal_spi.o" --specs=nano.specs -mfpu=fpv4-sp-d16 -mfloat-abi=hard -mthumb -o "Drivers/STM32G4xx_HAL_Driver/Src/stm32g4xx_hal_spi.o"
arm-none-eabi-gcc "../Drivers/STM32G4xx_HAL_Driver/Src/stm32g4xx_hal_spi_ex.c" -mcpu=cortex-m4 -std=gnu11 -g3 -DUSE_HAL_DRIVER -DSTM32G474xx -DDEBUG -c -I../Drivers/STM32G4xx_HAL_Driver/Inc/Legacy -I../Drivers/CMSIS/Include -I../Drivers/CMSIS/Device/ST/STM32G4xx/Include -I../Core/Inc -I../Drivers/STM32G4xx_HAL_Driver/Inc -I"/home/chris/Projects/Embedded/FunctionGeneratorCortexM4_SW/ILI9341" -O0 -ffunction-sections -fdata-sections -Wall -fstack-usage -MMD -MP -MF"Drivers/STM32G4xx_HAL_Driver/Src/stm32g4xx_hal_spi_ex.d" -MT"Drivers/STM32G4xx_HAL_Driver/Src/stm32g4xx_hal_spi_ex.o" --specs=nano.specs -mfpu=fpv4-sp-d16 -mfloat-abi=hard -mthumb -o "Drivers/STM32G4xx_HAL_Driver/Src/stm32g4xx_hal_spi_ex.o"
arm-none-eabi-gcc "../Drivers/STM32G4xx_HAL_Driver/Src/stm32g4xx_hal_tim.c" -mcpu=cortex-m4 -std=gnu11 -g3 -DUSE_HAL_DRIVER -DSTM32G474xx -DDEBUG -c -I../Drivers/STM32G4xx_HAL_Driver/Inc/Legacy -I../Drivers/CMSIS/Include -I../Drivers/CMSIS/Device/ST/STM32G4xx/Include -I../Core/Inc -I../Drivers/STM32G4xx_HAL_Driver/Inc -I"/home/chris/Projects/Embedded/FunctionGeneratorCortexM4_SW/ILI9341" -O0 -ffunction-sections -fdata-sections -Wall -fstack-usage -MMD -MP -MF"Drivers/STM32G4xx_HAL_Driver/Src/stm32g4xx_hal_tim.d" -MT"Drivers/STM32G4xx_HAL_Driver/Src/stm32g4xx_hal_tim.o" --specs=nano.specs -mfpu=fpv4-sp-d16 -mfloat-abi=hard -mthumb -o "Drivers/STM32G4xx_HAL_Driver/Src/stm32g4xx_hal_tim.o"
arm-none-eabi-gcc "../Drivers/STM32G4xx_HAL_Driver/Src/stm32g4xx_hal_tim_ex.c" -mcpu=cortex-m4 -std=gnu11 -g3 -DUSE_HAL_DRIVER -DSTM32G474xx -DDEBUG -c -I../Drivers/STM32G4xx_HAL_Driver/Inc/Legacy -I../Drivers/CMSIS/Include -I../Drivers/CMSIS/Device/ST/STM32G4xx/Include -I../Core/Inc -I../Drivers/STM32G4xx_HAL_Driver/Inc -I"/home/chris/Projects/Embedded/FunctionGeneratorCortexM4_SW/ILI9341" -O0 -ffunction-sections -fdata-sections -Wall -fstack-usage -MMD -MP -MF"Drivers/STM32G4xx_HAL_Driver/Src/stm32g4xx_hal_tim_ex.d" -MT"Drivers/STM32G4xx_HAL_Driver/Src/stm32g4xx_hal_tim_ex.o" --specs=nano.specs -mfpu=fpv4-sp-d16 -mfloat-abi=hard -mthumb -o "Drivers/STM32G4xx_HAL_Driver/Src/stm32g4xx_hal_tim_ex.o"
arm-none-eabi-gcc "../Drivers/STM32G4xx_HAL_Driver/Src/stm32g4xx_ll_adc.c" -mcpu=cortex-m4 -std=gnu11 -g3 -DUSE_HAL_DRIVER -DSTM32G474xx -DDEBUG -c -I../Drivers/STM32G4xx_HAL_Driver/Inc/Legacy -I../Drivers/CMSIS/Include -I../Drivers/CMSIS/Device/ST/STM32G4xx/Include -I../Core/Inc -I../Drivers/STM32G4xx_HAL_Driver/Inc -I"/home/chris/Projects/Embedded/FunctionGeneratorCortexM4_SW/ILI9341" -O0 -ffunction-sections -fdata-sections -Wall -fstack-usage -MMD -MP -MF"Drivers/STM32G4xx_HAL_Driver/Src/stm32g4xx_ll_adc.d" -MT"Drivers/STM32G4xx_HAL_Driver/Src/stm32g4xx_ll_adc.o" --specs=nano.specs -mfpu=fpv4-sp-d16 -mfloat-abi=hard -mthumb -o "Drivers/STM32G4xx_HAL_Driver/Src/stm32g4xx_ll_adc.o"
arm-none-eabi-gcc "../Drivers/STM32G4xx_HAL_Driver/Src/stm32g4xx_ll_pwr.c" -mcpu=cortex-m4 -std=gnu11 -g3 -DUSE_HAL_DRIVER -DSTM32G474xx -DDEBUG -c -I../Drivers/STM32G4xx_HAL_Driver/Inc/Legacy -I../Drivers/CMSIS/Include -I../Drivers/CMSIS/Device/ST/STM32G4xx/Include -I../Core/Inc -I../Drivers/STM32G4xx_HAL_Driver/Inc -I"/home/chris/Projects/Embedded/FunctionGeneratorCortexM4_SW/ILI9341" -O0 -ffunction-sections -fdata-sections -Wall -fstack-usage -MMD -MP -MF"Drivers/STM32G4xx_HAL_Driver/Src/stm32g4xx_ll_pwr.d" -MT"Drivers/STM32G4xx_HAL_Driver/Src/stm32g4xx_ll_pwr.o" --specs=nano.specs -mfpu=fpv4-sp-d16 -mfloat-abi=hard -mthumb -o "Drivers/STM32G4xx_HAL_Driver/Src/stm32g4xx_ll_pwr.o"
arm-none-eabi-gcc -mcpu=cortex-m4 -g3 -c -x assembler-with-cpp --specs=nano.specs -mfpu=fpv4-sp-d16 -mfloat-abi=hard -mthumb -o "Core/Startup/startup_stm32g474retx.o" "../Core/Startup/startup_stm32g474retx.s"
arm-none-eabi-gcc "../Core/Src/adc.c" -mcpu=cortex-m4 -std=gnu11 -g3 -DUSE_HAL_DRIVER -DSTM32G474xx -DDEBUG -c -I../Drivers/STM32G4xx_HAL_Driver/Inc/Legacy -I../Drivers/CMSIS/Include -I../Drivers/CMSIS/Device/ST/STM32G4xx/Include -I../Core/Inc -I../Drivers/STM32G4xx_HAL_Driver/Inc -I"/home/chris/Projects/Embedded/FunctionGeneratorCortexM4_SW/ILI9341" -O0 -ffunction-sections -fdata-sections -Wall -fstack-usage -MMD -MP -MF"Core/Src/adc.d" -MT"Core/Src/adc.o" --specs=nano.specs -mfpu=fpv4-sp-d16 -mfloat-abi=hard -mthumb -o "Core/Src/adc.o"
arm-none-eabi-gcc "../Core/Src/comp.c" -mcpu=cortex-m4 -std=gnu11 -g3 -DUSE_HAL_DRIVER -DSTM32G474xx -DDEBUG -c -I../Drivers/STM32G4xx_HAL_Driver/Inc/Legacy -I../Drivers/CMSIS/Include -I../Drivers/CMSIS/Device/ST/STM32G4xx/Include -I../Core/Inc -I../Drivers/STM32G4xx_HAL_Driver/Inc -I"/home/chris/Projects/Embedded/FunctionGeneratorCortexM4_SW/ILI9341" -O0 -ffunction-sections -fdata-sections -Wall -fstack-usage -MMD -MP -MF"Core/Src/comp.d" -MT"Core/Src/comp.o" --specs=nano.specs -mfpu=fpv4-sp-d16 -mfloat-abi=hard -mthumb -o "Core/Src/comp.o"
arm-none-eabi-gcc "../Core/Src/dac.c" -mcpu=cortex-m4 -std=gnu11 -g3 -DUSE_HAL_DRIVER -DSTM32G474xx -DDEBUG -c -I../Drivers/STM32G4xx_HAL_Driver/Inc/Legacy -I../Drivers/CMSIS/Include -I../Drivers/CMSIS/Device/ST/STM32G4xx/Include -I../Core/Inc -I../Drivers/STM32G4xx_HAL_Driver/Inc -I"/home/chris/Projects/Embedded/FunctionGeneratorCortexM4_SW/ILI9341" -O0 -ffunction-sections -fdata-sections -Wall -fstack-usage -MMD -MP -MF"Core/Src/dac.d" -MT"Core/Src/dac.o" --specs=nano.specs -mfpu=fpv4-sp-d16 -mfloat-abi=hard -mthumb -o "Core/Src/dac.o"
arm-none-eabi-gcc "../Core/Src/dma.c" -mcpu=cortex-m4 -std=gnu11 -g3 -DUSE_HAL_DRIVER -DSTM32G474xx -DDEBUG -c -I../Drivers/STM32G4xx_HAL_Driver/Inc/Legacy -I../Drivers/CMSIS/Include -I../Drivers/CMSIS/Device/ST/STM32G4xx/Include -I../Core/Inc -I../Drivers/STM32G4xx_HAL_Driver/Inc -I"/home/chris/Projects/Embedded/FunctionGeneratorCortexM4_SW/ILI9341" -O0 -ffunction-sections -fdata-sections -Wall -fstack-usage -MMD -MP -MF"Core/Src/dma.d" -MT"Core/Src/dma.o" --specs=nano.specs -mfpu=fpv4-sp-d16 -mfloat-abi=hard -mthumb -o "Core/Src/dma.o"
arm-none-eabi-gcc "../Core/Src/funcgen.c" -mcpu=cortex-m4 -std=gnu11 -g3 -DUSE_HAL_DRIVER -DSTM32G474xx -DDEBUG -c -I../Drivers/STM32G4xx_HAL_Driver/Inc/Legacy -I../Drivers/CMSIS/Include -I../Drivers/CMSIS/Device/ST/STM32G4xx/Include -I../Core/Inc -I../Drivers/STM32G4xx_HAL_Driver/Inc -I"/home/chris/Projects/Embedded/FunctionGeneratorCortexM4_SW/ILI9341" -O0 -ffunction-sections -fdata-sections -Wall -fstack-usage -MMD -MP -MF"Core/Src/funcgen.d" -MT"Core/Src/funcgen.o" --specs=nano.specs -mfpu=fpv4-sp-d16 -mfloat-abi=hard -mthumb -o "Core/Src/funcgen.o"
arm-none-eabi-gcc "../Core/Src/gpio.c" -mcpu=cortex-m4 -std=gnu11 -g3 -DUSE_HAL_DRIVER -DSTM32G474xx -DDEBUG -c -I../Drivers/STM32G4xx_HAL_Driver/Inc/Legacy -I../Drivers/CMSIS/Include -I../Drivers/CMSIS/Device/ST/STM32G4xx/Include -I../Core/Inc -I../Drivers/STM32G4xx_HAL_Driver/Inc -I"/home/chris/Projects/Embedded/FunctionGeneratorCortexM4_SW/ILI9341" -O0 -ffunction-sections -fdata-sections -Wall -fstack-usage -MMD -MP -MF"Core/Src/gpio.d" -MT"Core/Src/gpio.o" --specs=nano.specs -mfpu=fpv4-sp-d16 -mfloat-abi=hard -mthumb -o "Core/Src/gpio.o"
arm-none-eabi-gcc "../Core/Src/main.c" -mcpu=cortex-m4 -std=gnu11 -g3 -DUSE_HAL_DRIVER -DSTM32G474xx -DDEBUG -c -I../Drivers/STM32G4xx_HAL_Driver/Inc/Legacy -I../Drivers/CMSIS/Include -I../Drivers/CMSIS/Device/ST/STM32G4xx/Include -I../Core/Inc -I../Drivers/STM32G4xx_HAL_Driver/Inc -I"/home/chris/Projects/Embedded/FunctionGeneratorCortexM4_SW/ILI9341" -O0 -ffunction-sections -fdata-sections -Wall -fstack-usage -MMD -MP -MF"Core/Src/main.d" -MT"Core/Src/main.o" --specs=nano.specs -mfpu=fpv4-sp-d16 -mfloat-abi=hard -mthumb -o "Core/Src/main.o"
arm-none-eabi-gcc "../Core/Src/rng.c" -mcpu=cortex-m4 -std=gnu11 -g3 -DUSE_HAL_DRIVER -DSTM32G474xx -DDEBUG -c -I../Drivers/STM32G4xx_HAL_Driver/Inc/Legacy -I../Drivers/CMSIS/Include -I../Drivers/CMSIS/Device/ST/STM32G4xx/Include -I../Core/Inc -I../Drivers/STM32G4xx_HAL_Driver/Inc -I"/home/chris/Projects/Embedded/FunctionGeneratorCortexM4_SW/ILI9341" -O0 -ffunction-sections -fdata-sections -Wall -fstack-usage -MMD -MP -MF"Core/Src/rng.d" -MT"Core/Src/rng.o" --specs=nano.specs -mfpu=fpv4-sp-d16 -mfloat-abi=hard -mthumb -o "Core/Src/rng.o"
arm-none-eabi-gcc "../Core/Src/spi.c" -mcpu=cortex-m4 -std=gnu11 -g3 -DUSE_HAL_DRIVER -DSTM32G474xx -DDEBUG -c -I../Drivers/STM32G4xx_HAL_Driver/Inc/Legacy -I../Drivers/CMSIS/Include -I../Drivers/CMSIS/Device/ST/STM32G4xx/Include -I../Core/Inc -I../Drivers/STM32G4xx_HAL_Driver/Inc -I"/home/chris/Projects/Embedded/FunctionGeneratorCortexM4_SW/ILI9341" -O0 -ffunction-sections -fdata-sections -Wall -fstack-usage -MMD -MP -MF"Core/Src/spi.d" -MT"Core/Src/spi.o" --specs=nano.specs -mfpu=fpv4-sp-d16 -mfloat-abi=hard -mthumb -o "Core/Src/spi.o"
arm-none-eabi-gcc "../Core/Src/stm32g4xx_hal_msp.c" -mcpu=cortex-m4 -std=gnu11 -g3 -DUSE_HAL_DRIVER -DSTM32G474xx -DDEBUG -c -I../Drivers/STM32G4xx_HAL_Driver/Inc/Legacy -I../Drivers/CMSIS/Include -I../Drivers/CMSIS/Device/ST/STM32G4xx/Include -I../Core/Inc -I../Drivers/STM32G4xx_HAL_Driver/Inc -I"/home/chris/Projects/Embedded/FunctionGeneratorCortexM4_SW/ILI9341" -O0 -ffunction-sections -fdata-sections -Wall -fstack-usage -MMD -MP -MF"Core/Src/stm32g4xx_hal_msp.d" -MT"Core/Src/stm32g4xx_hal_msp.o" --specs=nano.specs -mfpu=fpv4-sp-d16 -mfloat-abi=hard -mthumb -o "Core/Src/stm32g4xx_hal_msp.o"
../Core/Src/main.c: In function 'main':
../Core/Src/main.c:187:6: warning: implicit declaration of function 'ILI9341_Draw_Text'; did you mean 'ILI9341_Draw_Pixel'? [-Wimplicit-function-declaration]
      ILI9341_Draw_Text("Randomly placed and sized", 10, 10, BLACK, 1, WHITE);
      ^~~~~~~~~~~~~~~~~
      ILI9341_Draw_Pixel
../Core/Src/main.c:199:20: warning: implicit declaration of function 'HAL_RNG_GetRandomNumber'; did you mean 'HAL_RNG_GenerateRandomNumber'? [-Wimplicit-function-declaration]
       random_num = HAL_RNG_GetRandomNumber(&hrng);
                    ^~~~~~~~~~~~~~~~~~~~~~~
                    HAL_RNG_GenerateRandomNumber
../Core/Src/main.c:212:7: warning: implicit declaration of function 'ILI9341_Draw_Filled_Circle'; did you mean 'ILI9341_Draw_Rectangle'? [-Wimplicit-function-declaration]
       ILI9341_Draw_Filled_Circle(xr, yr, radiusr/2, colourr);
       ^~~~~~~~~~~~~~~~~~~~~~~~~~
       ILI9341_Draw_Rectangle
arm-none-eabi-gcc "../Core/Src/stm32g4xx_it.c" -mcpu=cortex-m4 -std=gnu11 -g3 -DUSE_HAL_DRIVER -DSTM32G474xx -DDEBUG -c -I../Drivers/STM32G4xx_HAL_Driver/Inc/Legacy -I../Drivers/CMSIS/Include -I../Drivers/CMSIS/Device/ST/STM32G4xx/Include -I../Core/Inc -I../Drivers/STM32G4xx_HAL_Driver/Inc -I"/home/chris/Projects/Embedded/FunctionGeneratorCortexM4_SW/ILI9341" -O0 -ffunction-sections -fdata-sections -Wall -fstack-usage -MMD -MP -MF"Core/Src/stm32g4xx_it.d" -MT"Core/Src/stm32g4xx_it.o" --specs=nano.specs -mfpu=fpv4-sp-d16 -mfloat-abi=hard -mthumb -o "Core/Src/stm32g4xx_it.o"
arm-none-eabi-gcc "../Core/Src/syscalls.c" -mcpu=cortex-m4 -std=gnu11 -g3 -DUSE_HAL_DRIVER -DSTM32G474xx -DDEBUG -c -I../Drivers/STM32G4xx_HAL_Driver/Inc/Legacy -I../Drivers/CMSIS/Include -I../Drivers/CMSIS/Device/ST/STM32G4xx/Include -I../Core/Inc -I../Drivers/STM32G4xx_HAL_Driver/Inc -I"/home/chris/Projects/Embedded/FunctionGeneratorCortexM4_SW/ILI9341" -O0 -ffunction-sections -fdata-sections -Wall -fstack-usage -MMD -MP -MF"Core/Src/syscalls.d" -MT"Core/Src/syscalls.o" --specs=nano.specs -mfpu=fpv4-sp-d16 -mfloat-abi=hard -mthumb -o "Core/Src/syscalls.o"
arm-none-eabi-gcc "../Core/Src/sysmem.c" -mcpu=cortex-m4 -std=gnu11 -g3 -DUSE_HAL_DRIVER -DSTM32G474xx -DDEBUG -c -I../Drivers/STM32G4xx_HAL_Driver/Inc/Legacy -I../Drivers/CMSIS/Include -I../Drivers/CMSIS/Device/ST/STM32G4xx/Include -I../Core/Inc -I../Drivers/STM32G4xx_HAL_Driver/Inc -I"/home/chris/Projects/Embedded/FunctionGeneratorCortexM4_SW/ILI9341" -O0 -ffunction-sections -fdata-sections -Wall -fstack-usage -MMD -MP -MF"Core/Src/sysmem.d" -MT"Core/Src/sysmem.o" --specs=nano.specs -mfpu=fpv4-sp-d16 -mfloat-abi=hard -mthumb -o "Core/Src/sysmem.o"
arm-none-eabi-gcc "../Core/Src/system_stm32g4xx.c" -mcpu=cortex-m4 -std=gnu11 -g3 -DUSE_HAL_DRIVER -DSTM32G474xx -DDEBUG -c -I../Drivers/STM32G4xx_HAL_Driver/Inc/Legacy -I../Drivers/CMSIS/Include -I../Drivers/CMSIS/Device/ST/STM32G4xx/Include -I../Core/Inc -I../Drivers/STM32G4xx_HAL_Driver/Inc -I"/home/chris/Projects/Embedded/FunctionGeneratorCortexM4_SW/ILI9341" -O0 -ffunction-sections -fdata-sections -Wall -fstack-usage -MMD -MP -MF"Core/Src/system_stm32g4xx.d" -MT"Core/Src/system_stm32g4xx.o" --specs=nano.specs -mfpu=fpv4-sp-d16 -mfloat-abi=hard -mthumb -o "Core/Src/system_stm32g4xx.o"
arm-none-eabi-gcc "../Core/Src/tim.c" -mcpu=cortex-m4 -std=gnu11 -g3 -DUSE_HAL_DRIVER -DSTM32G474xx -DDEBUG -c -I../Drivers/STM32G4xx_HAL_Driver/Inc/Legacy -I../Drivers/CMSIS/Include -I../Drivers/CMSIS/Device/ST/STM32G4xx/Include -I../Core/Inc -I../Drivers/STM32G4xx_HAL_Driver/Inc -I"/home/chris/Projects/Embedded/FunctionGeneratorCortexM4_SW/ILI9341" -O0 -ffunction-sections -fdata-sections -Wall -fstack-usage -MMD -MP -MF"Core/Src/tim.d" -MT"Core/Src/tim.o" --specs=nano.specs -mfpu=fpv4-sp-d16 -mfloat-abi=hard -mthumb -o "Core/Src/tim.o"
arm-none-eabi-gcc -o "FunctionGeneratorCortexM4_SW_V1.elf" @"objects.list"   -mcpu=cortex-m4 -T"/home/chris/Projects/Embedded/FunctionGeneratorCortexM4_SW/FunctionGeneratorCortexM4_SW_V1/STM32G474RETX_FLASH.ld" --specs=nosys.specs -Wl,-Map="FunctionGeneratorCortexM4_SW_V1.map" -Wl,--gc-sections -static --specs=nano.specs -mfpu=fpv4-sp-d16 -mfloat-abi=hard -mthumb -Wl,--start-group -lc -lm -Wl,--end-group
Core/Src/main.o: In function `main':
/home/chris/Projects/Embedded/FunctionGeneratorCortexM4_SW/FunctionGeneratorCortexM4_SW_V1/Debug/../Core/Src/main.c:199: undefined reference to `HAL_RNG_GetRandomNumber'
/home/chris/Projects/Embedded/FunctionGeneratorCortexM4_SW/FunctionGeneratorCortexM4_SW_V1/Debug/../Core/Src/main.c:201: undefined reference to `HAL_RNG_GetRandomNumber'
/home/chris/Projects/Embedded/FunctionGeneratorCortexM4_SW/FunctionGeneratorCortexM4_SW_V1/Debug/../Core/Src/main.c:203: undefined reference to `HAL_RNG_GetRandomNumber'
/home/chris/Projects/Embedded/FunctionGeneratorCortexM4_SW/FunctionGeneratorCortexM4_SW_V1/Debug/../Core/Src/main.c:205: undefined reference to `HAL_RNG_GetRandomNumber'
collect2: error: ld returned 1 exit status
make: *** [makefile:45: FunctionGeneratorCortexM4_SW_V1.elf] Error 1
"make -j4 all" terminated with exit code 2. Build might be incomplete.
12:41:27 **** Incremental Build of configuration Debug for project FunctionGeneratorCortexM4_SW_V1 ****
make -j4 all 
arm-none-eabi-gcc "../Core/Src/main.c" -mcpu=cortex-m4 -std=gnu11 -g3 -DUSE_HAL_DRIVER -DSTM32G474xx -DDEBUG -c -I../Drivers/STM32G4xx_HAL_Driver/Inc/Legacy -I../Drivers/CMSIS/Include -I../Drivers/CMSIS/Device/ST/STM32G4xx/Include -I../Core/Inc -I../Drivers/STM32G4xx_HAL_Driver/Inc -I"/home/chris/Projects/Embedded/FunctionGeneratorCortexM4_SW/ILI9341" -O0 -ffunction-sections -fdata-sections -Wall -fstack-usage -MMD -MP -MF"Core/Src/main.d" -MT"Core/Src/main.o" --specs=nano.specs -mfpu=fpv4-sp-d16 -mfloat-abi=hard -mthumb -o "Core/Src/main.o"
../Core/Src/main.c: In function 'main':
../Core/Src/main.c:187:6: warning: implicit declaration of function 'ILI9341_Draw_Text'; did you mean 'ILI9341_Draw_Pixel'? [-Wimplicit-function-declaration]
      ILI9341_Draw_Text("Randomly placed and sized", 10, 10, BLACK, 1, WHITE);
      ^~~~~~~~~~~~~~~~~
      ILI9341_Draw_Pixel
../Core/Src/main.c:199:20: error: too few arguments to function 'HAL_RNG_GenerateRandomNumber'
       random_num = HAL_RNG_GenerateRandomNumber(&hrng);
                    ^~~~~~~~~~~~~~~~~~~~~~~~~~~~
In file included from ../Core/Inc/stm32g4xx_hal_conf.h:315:0,
                 from ../Drivers/STM32G4xx_HAL_Driver/Inc/stm32g4xx_hal.h:30,
                 from ../Core/Inc/main.h:31,
                 from ../Core/Src/main.c:22:
../Drivers/STM32G4xx_HAL_Driver/Inc/stm32g4xx_hal_rng.h:316:19: note: declared here
 HAL_StatusTypeDef HAL_RNG_GenerateRandomNumber(RNG_HandleTypeDef *hrng, uint32_t *random32bit);
                   ^~~~~~~~~~~~~~~~~~~~~~~~~~~~
../Core/Src/main.c:201:20: error: too few arguments to function 'HAL_RNG_GenerateRandomNumber'
       random_num = HAL_RNG_GenerateRandomNumber(&hrng);
                    ^~~~~~~~~~~~~~~~~~~~~~~~~~~~
In file included from ../Core/Inc/stm32g4xx_hal_conf.h:315:0,
                 from ../Drivers/STM32G4xx_HAL_Driver/Inc/stm32g4xx_hal.h:30,
                 from ../Core/Inc/main.h:31,
                 from ../Core/Src/main.c:22:
../Drivers/STM32G4xx_HAL_Driver/Inc/stm32g4xx_hal_rng.h:316:19: note: declared here
 HAL_StatusTypeDef HAL_RNG_GenerateRandomNumber(RNG_HandleTypeDef *hrng, uint32_t *random32bit);
                   ^~~~~~~~~~~~~~~~~~~~~~~~~~~~
../Core/Src/main.c:203:20: error: too few arguments to function 'HAL_RNG_GenerateRandomNumber'
       random_num = HAL_RNG_GenerateRandomNumber(&hrng);
                    ^~~~~~~~~~~~~~~~~~~~~~~~~~~~
In file included from ../Core/Inc/stm32g4xx_hal_conf.h:315:0,
                 from ../Drivers/STM32G4xx_HAL_Driver/Inc/stm32g4xx_hal.h:30,
                 from ../Core/Inc/main.h:31,
                 from ../Core/Src/main.c:22:
../Drivers/STM32G4xx_HAL_Driver/Inc/stm32g4xx_hal_rng.h:316:19: note: declared here
 HAL_StatusTypeDef HAL_RNG_GenerateRandomNumber(RNG_HandleTypeDef *hrng, uint32_t *random32bit);
                   ^~~~~~~~~~~~~~~~~~~~~~~~~~~~
../Core/Src/main.c:205:20: error: too few arguments to function 'HAL_RNG_GenerateRandomNumber'
       random_num = HAL_RNG_GenerateRandomNumber(&hrng);
                    ^~~~~~~~~~~~~~~~~~~~~~~~~~~~
In file included from ../Core/Inc/stm32g4xx_hal_conf.h:315:0,
                 from ../Drivers/STM32G4xx_HAL_Driver/Inc/stm32g4xx_hal.h:30,
                 from ../Core/Inc/main.h:31,
                 from ../Core/Src/main.c:22:
../Drivers/STM32G4xx_HAL_Driver/Inc/stm32g4xx_hal_rng.h:316:19: note: declared here
 HAL_StatusTypeDef HAL_RNG_GenerateRandomNumber(RNG_HandleTypeDef *hrng, uint32_t *random32bit);
                   ^~~~~~~~~~~~~~~~~~~~~~~~~~~~
../Core/Src/main.c:212:7: warning: implicit declaration of function 'ILI9341_Draw_Filled_Circle'; did you mean 'ILI9341_Draw_Rectangle'? [-Wimplicit-function-declaration]
       ILI9341_Draw_Filled_Circle(xr, yr, radiusr/2, colourr);
       ^~~~~~~~~~~~~~~~~~~~~~~~~~
       ILI9341_Draw_Rectangle
make: *** [Core/Src/subdir.mk:72: Core/Src/main.o] Error 1
"make -j4 all" terminated with exit code 2. Build might be incomplete.
12:42:27 **** Incremental Build of configuration Debug for project FunctionGeneratorCortexM4_SW_V1 ****
make -j4 all 
arm-none-eabi-gcc "../Core/Src/main.c" -mcpu=cortex-m4 -std=gnu11 -g3 -DUSE_HAL_DRIVER -DSTM32G474xx -DDEBUG -c -I../Drivers/STM32G4xx_HAL_Driver/Inc/Legacy -I../Drivers/CMSIS/Include -I../Drivers/CMSIS/Device/ST/STM32G4xx/Include -I../Core/Inc -I../Drivers/STM32G4xx_HAL_Driver/Inc -I"/home/chris/Projects/Embedded/FunctionGeneratorCortexM4_SW/ILI9341" -O0 -ffunction-sections -fdata-sections -Wall -fstack-usage -MMD -MP -MF"Core/Src/main.d" -MT"Core/Src/main.o" --specs=nano.specs -mfpu=fpv4-sp-d16 -mfloat-abi=hard -mthumb -o "Core/Src/main.o"
../Core/Src/main.c: In function 'main':
../Core/Src/main.c:187:6: warning: implicit declaration of function 'ILI9341_Draw_Text'; did you mean 'ILI9341_Draw_Pixel'? [-Wimplicit-function-declaration]
      ILI9341_Draw_Text("Randomly placed and sized", 10, 10, BLACK, 1, WHITE);
      ^~~~~~~~~~~~~~~~~
      ILI9341_Draw_Pixel
../Core/Src/main.c:201:7: warning: implicit declaration of function 'HAL_RNG_GetRandomNumber'; did you mean 'HAL_RNG_GenerateRandomNumber'? [-Wimplicit-function-declaration]
       HAL_RNG_GetRandomNumber(&hrng, &random_num);
       ^~~~~~~~~~~~~~~~~~~~~~~
       HAL_RNG_GenerateRandomNumber
../Core/Src/main.c:212:7: warning: implicit declaration of function 'ILI9341_Draw_Filled_Circle'; did you mean 'ILI9341_Draw_Rectangle'? [-Wimplicit-function-declaration]
       ILI9341_Draw_Filled_Circle(xr, yr, radiusr/2, colourr);
       ^~~~~~~~~~~~~~~~~~~~~~~~~~
       ILI9341_Draw_Rectangle
arm-none-eabi-gcc -o "FunctionGeneratorCortexM4_SW_V1.elf" @"objects.list"   -mcpu=cortex-m4 -T"/home/chris/Projects/Embedded/FunctionGeneratorCortexM4_SW/FunctionGeneratorCortexM4_SW_V1/STM32G474RETX_FLASH.ld" --specs=nosys.specs -Wl,-Map="FunctionGeneratorCortexM4_SW_V1.map" -Wl,--gc-sections -static --specs=nano.specs -mfpu=fpv4-sp-d16 -mfloat-abi=hard -mthumb -Wl,--start-group -lc -lm -Wl,--end-group
Core/Src/main.o: In function `main':
/home/chris/Projects/Embedded/FunctionGeneratorCortexM4_SW/FunctionGeneratorCortexM4_SW_V1/Debug/../Core/Src/main.c:201: undefined reference to `HAL_RNG_GetRandomNumber'
/home/chris/Projects/Embedded/FunctionGeneratorCortexM4_SW/FunctionGeneratorCortexM4_SW_V1/Debug/../Core/Src/main.c:203: undefined reference to `HAL_RNG_GetRandomNumber'
/home/chris/Projects/Embedded/FunctionGeneratorCortexM4_SW/FunctionGeneratorCortexM4_SW_V1/Debug/../Core/Src/main.c:205: undefined reference to `HAL_RNG_GetRandomNumber'
collect2: error: ld returned 1 exit status
make: *** [makefile:45: FunctionGeneratorCortexM4_SW_V1.elf] Error 1
"make -j4 all" terminated with exit code 2. Build might be incomplete.
12:42:34 **** Incremental Build of configuration Debug for project FunctionGeneratorCortexM4_SW_V1 ****
make -j4 all 
arm-none-eabi-gcc "../Core/Src/main.c" -mcpu=cortex-m4 -std=gnu11 -g3 -DUSE_HAL_DRIVER -DSTM32G474xx -DDEBUG -c -I../Drivers/STM32G4xx_HAL_Driver/Inc/Legacy -I../Drivers/CMSIS/Include -I../Drivers/CMSIS/Device/ST/STM32G4xx/Include -I../Core/Inc -I../Drivers/STM32G4xx_HAL_Driver/Inc -I"/home/chris/Projects/Embedded/FunctionGeneratorCortexM4_SW/ILI9341" -O0 -ffunction-sections -fdata-sections -Wall -fstack-usage -MMD -MP -MF"Core/Src/main.d" -MT"Core/Src/main.o" --specs=nano.specs -mfpu=fpv4-sp-d16 -mfloat-abi=hard -mthumb -o "Core/Src/main.o"
../Core/Src/main.c: In function 'main':
../Core/Src/main.c:187:6: warning: implicit declaration of function 'ILI9341_Draw_Text'; did you mean 'ILI9341_Draw_Pixel'? [-Wimplicit-function-declaration]
      ILI9341_Draw_Text("Randomly placed and sized", 10, 10, BLACK, 1, WHITE);
      ^~~~~~~~~~~~~~~~~
      ILI9341_Draw_Pixel
../Core/Src/main.c:212:7: warning: implicit declaration of function 'ILI9341_Draw_Filled_Circle'; did you mean 'ILI9341_Draw_Rectangle'? [-Wimplicit-function-declaration]
       ILI9341_Draw_Filled_Circle(xr, yr, radiusr/2, colourr);
       ^~~~~~~~~~~~~~~~~~~~~~~~~~
       ILI9341_Draw_Rectangle
arm-none-eabi-gcc -o "FunctionGeneratorCortexM4_SW_V1.elf" @"objects.list"   -mcpu=cortex-m4 -T"/home/chris/Projects/Embedded/FunctionGeneratorCortexM4_SW/FunctionGeneratorCortexM4_SW_V1/STM32G474RETX_FLASH.ld" --specs=nosys.specs -Wl,-Map="FunctionGeneratorCortexM4_SW_V1.map" -Wl,--gc-sections -static --specs=nano.specs -mfpu=fpv4-sp-d16 -mfloat-abi=hard -mthumb -Wl,--start-group -lc -lm -Wl,--end-group
Finished building target: FunctionGeneratorCortexM4_SW_V1.elf
 
arm-none-eabi-size   FunctionGeneratorCortexM4_SW_V1.elf 
arm-none-eabi-objdump -h -S  FunctionGeneratorCortexM4_SW_V1.elf  > "FunctionGeneratorCortexM4_SW_V1.list"
arm-none-eabi-objcopy  -O binary  FunctionGeneratorCortexM4_SW_V1.elf  "FunctionGeneratorCortexM4_SW_V1.bin"
   text	   data	    bss	    dec	    hex	filename
  31312	    128	   2320	  33760	   83e0	FunctionGeneratorCortexM4_SW_V1.elf
Finished building: default.size.stdout
 
Finished building: FunctionGeneratorCortexM4_SW_V1.bin
 
Finished building: FunctionGeneratorCortexM4_SW_V1.list
 
12:43:09 **** Incremental Build of configuration Debug for project FunctionGeneratorCortexM4_SW_V1 ****
make -j4 all 
arm-none-eabi-gcc "../Core/Src/main.c" -mcpu=cortex-m4 -std=gnu11 -g3 -DUSE_HAL_DRIVER -DSTM32G474xx -DDEBUG -c -I../Drivers/STM32G4xx_HAL_Driver/Inc/Legacy -I../Drivers/CMSIS/Include -I../Drivers/CMSIS/Device/ST/STM32G4xx/Include -I../Core/Inc -I../Drivers/STM32G4xx_HAL_Driver/Inc -I"/home/chris/Projects/Embedded/FunctionGeneratorCortexM4_SW/ILI9341" -O0 -ffunction-sections -fdata-sections -Wall -fstack-usage -MMD -MP -MF"Core/Src/main.d" -MT"Core/Src/main.o" --specs=nano.specs -mfpu=fpv4-sp-d16 -mfloat-abi=hard -mthumb -o "Core/Src/main.o"
arm-none-eabi-gcc -o "FunctionGeneratorCortexM4_SW_V1.elf" @"objects.list"   -mcpu=cortex-m4 -T"/home/chris/Projects/Embedded/FunctionGeneratorCortexM4_SW/FunctionGeneratorCortexM4_SW_V1/STM32G474RETX_FLASH.ld" --specs=nosys.specs -Wl,-Map="FunctionGeneratorCortexM4_SW_V1.map" -Wl,--gc-sections -static --specs=nano.specs -mfpu=fpv4-sp-d16 -mfloat-abi=hard -mthumb -Wl,--start-group -lc -lm -Wl,--end-group
Finished building target: FunctionGeneratorCortexM4_SW_V1.elf
 
arm-none-eabi-objdump -h -S  FunctionGeneratorCortexM4_SW_V1.elf  > "FunctionGeneratorCortexM4_SW_V1.list"
arm-none-eabi-objcopy  -O binary  FunctionGeneratorCortexM4_SW_V1.elf  "FunctionGeneratorCortexM4_SW_V1.bin"
arm-none-eabi-size   FunctionGeneratorCortexM4_SW_V1.elf 
   text	   data	    bss	    dec	    hex	filename
  31308	    128	   2320	  33756	   83dc	FunctionGeneratorCortexM4_SW_V1.elf
Finished building: FunctionGeneratorCortexM4_SW_V1.bin
Finished building: default.size.stdout
 
 
Finished building: FunctionGeneratorCortexM4_SW_V1.list
 
12:43:14 **** Incremental Build of configuration Debug for project FunctionGeneratorCortexM4_SW_V1 ****
make -j4 all 
arm-none-eabi-size   FunctionGeneratorCortexM4_SW_V1.elf 
   text	   data	    bss	    dec	    hex	filename
  31308	    128	   2320	  33756	   83dc	FunctionGeneratorCortexM4_SW_V1.elf
Finished building: default.size.stdout
 
12:44:58 **** Incremental Build of configuration Debug for project FunctionGeneratorCortexM4_SW_V1 ****
make -j4 all 
arm-none-eabi-size   FunctionGeneratorCortexM4_SW_V1.elf 
   text	   data	    bss	    dec	    hex	filename
  31308	    128	   2320	  33756	   83dc	FunctionGeneratorCortexM4_SW_V1.elf
Finished building: default.size.stdout
 
12:45:52 **** Incremental Build of configuration Debug for project FunctionGeneratorCortexM4_SW_V1 ****
make -j4 all 
arm-none-eabi-gcc "../Core/Src/main.c" -mcpu=cortex-m4 -std=gnu11 -g3 -DUSE_HAL_DRIVER -DSTM32G474xx -DDEBUG -c -I../Drivers/STM32G4xx_HAL_Driver/Inc/Legacy -I../Drivers/CMSIS/Include -I../Drivers/CMSIS/Device/ST/STM32G4xx/Include -I../Core/Inc -I../Drivers/STM32G4xx_HAL_Driver/Inc -I"/home/chris/Projects/Embedded/FunctionGeneratorCortexM4_SW/ILI9341" -O0 -ffunction-sections -fdata-sections -Wall -fstack-usage -MMD -MP -MF"Core/Src/main.d" -MT"Core/Src/main.o" --specs=nano.specs -mfpu=fpv4-sp-d16 -mfloat-abi=hard -mthumb -o "Core/Src/main.o"
arm-none-eabi-gcc -o "FunctionGeneratorCortexM4_SW_V1.elf" @"objects.list"   -mcpu=cortex-m4 -T"/home/chris/Projects/Embedded/FunctionGeneratorCortexM4_SW/FunctionGeneratorCortexM4_SW_V1/STM32G474RETX_FLASH.ld" --specs=nosys.specs -Wl,-Map="FunctionGeneratorCortexM4_SW_V1.map" -Wl,--gc-sections -static --specs=nano.specs -mfpu=fpv4-sp-d16 -mfloat-abi=hard -mthumb -Wl,--start-group -lc -lm -Wl,--end-group
Finished building target: FunctionGeneratorCortexM4_SW_V1.elf
 
arm-none-eabi-objdump -h -S  FunctionGeneratorCortexM4_SW_V1.elf  > "FunctionGeneratorCortexM4_SW_V1.list"
arm-none-eabi-objcopy  -O binary  FunctionGeneratorCortexM4_SW_V1.elf  "FunctionGeneratorCortexM4_SW_V1.bin"
arm-none-eabi-size   FunctionGeneratorCortexM4_SW_V1.elf 
   text	   data	    bss	    dec	    hex	filename
  26244	    124	   2324	  28692	   7014	FunctionGeneratorCortexM4_SW_V1.elf
Finished building: default.size.stdout
Finished building: FunctionGeneratorCortexM4_SW_V1.bin
 
 
Finished building: FunctionGeneratorCortexM4_SW_V1.list
 
12:46:02 **** Incremental Build of configuration Debug for project FunctionGeneratorCortexM4_SW_V1 ****
make -j4 all 
arm-none-eabi-size   FunctionGeneratorCortexM4_SW_V1.elf 
   text	   data	    bss	    dec	    hex	filename
  26244	    124	   2324	  28692	   7014	FunctionGeneratorCortexM4_SW_V1.elf
Finished building: default.size.stdout
 
12:46:23 **** Incremental Build of configuration Debug for project FunctionGeneratorCortexM4_SW_V1 ****
make -j4 all 
arm-none-eabi-gcc "../Core/Src/main.c" -mcpu=cortex-m4 -std=gnu11 -g3 -DUSE_HAL_DRIVER -DSTM32G474xx -DDEBUG -c -I../Drivers/STM32G4xx_HAL_Driver/Inc/Legacy -I../Drivers/CMSIS/Include -I../Drivers/CMSIS/Device/ST/STM32G4xx/Include -I../Core/Inc -I../Drivers/STM32G4xx_HAL_Driver/Inc -I"/home/chris/Projects/Embedded/FunctionGeneratorCortexM4_SW/ILI9341" -O0 -ffunction-sections -fdata-sections -Wall -fstack-usage -MMD -MP -MF"Core/Src/main.d" -MT"Core/Src/main.o" --specs=nano.specs -mfpu=fpv4-sp-d16 -mfloat-abi=hard -mthumb -o "Core/Src/main.o"
arm-none-eabi-gcc -o "FunctionGeneratorCortexM4_SW_V1.elf" @"objects.list"   -mcpu=cortex-m4 -T"/home/chris/Projects/Embedded/FunctionGeneratorCortexM4_SW/FunctionGeneratorCortexM4_SW_V1/STM32G474RETX_FLASH.ld" --specs=nosys.specs -Wl,-Map="FunctionGeneratorCortexM4_SW_V1.map" -Wl,--gc-sections -static --specs=nano.specs -mfpu=fpv4-sp-d16 -mfloat-abi=hard -mthumb -Wl,--start-group -lc -lm -Wl,--end-group
Finished building target: FunctionGeneratorCortexM4_SW_V1.elf
 
arm-none-eabi-objdump -h -S  FunctionGeneratorCortexM4_SW_V1.elf  > "FunctionGeneratorCortexM4_SW_V1.list"
arm-none-eabi-objcopy  -O binary  FunctionGeneratorCortexM4_SW_V1.elf  "FunctionGeneratorCortexM4_SW_V1.bin"
arm-none-eabi-size   FunctionGeneratorCortexM4_SW_V1.elf 
Finished building: FunctionGeneratorCortexM4_SW_V1.bin
   text	   data	    bss	    dec	    hex	filename
  28504	    128	   2320	  30952	   78e8	FunctionGeneratorCortexM4_SW_V1.elf
Finished building: default.size.stdout
 
 
Finished building: FunctionGeneratorCortexM4_SW_V1.list
 
12:48:09 **** Incremental Build of configuration Debug for project FunctionGeneratorCortexM4_SW_V1 ****
make -j4 all 
arm-none-eabi-gcc "/home/chris/Projects/Embedded/FunctionGeneratorCortexM4_SW/ILI9341/ILI9341_STM32_Driver.c" -mcpu=cortex-m4 -std=gnu11 -g3 -DUSE_HAL_DRIVER -DSTM32G474xx -DDEBUG -c -I../Drivers/STM32G4xx_HAL_Driver/Inc/Legacy -I../Drivers/CMSIS/Include -I../Drivers/CMSIS/Device/ST/STM32G4xx/Include -I../Core/Inc -I../Drivers/STM32G4xx_HAL_Driver/Inc -I"/home/chris/Projects/Embedded/FunctionGeneratorCortexM4_SW/ILI9341" -O0 -ffunction-sections -fdata-sections -Wall -fstack-usage -MMD -MP -MF"ILI9341/ILI9341_STM32_Driver.d" -MT"ILI9341/ILI9341_STM32_Driver.o" --specs=nano.specs -mfpu=fpv4-sp-d16 -mfloat-abi=hard -mthumb -o "ILI9341/ILI9341_STM32_Driver.o"
arm-none-eabi-gcc -o "FunctionGeneratorCortexM4_SW_V1.elf" @"objects.list"   -mcpu=cortex-m4 -T"/home/chris/Projects/Embedded/FunctionGeneratorCortexM4_SW/FunctionGeneratorCortexM4_SW_V1/STM32G474RETX_FLASH.ld" --specs=nosys.specs -Wl,-Map="FunctionGeneratorCortexM4_SW_V1.map" -Wl,--gc-sections -static --specs=nano.specs -mfpu=fpv4-sp-d16 -mfloat-abi=hard -mthumb -Wl,--start-group -lc -lm -Wl,--end-group
Finished building target: FunctionGeneratorCortexM4_SW_V1.elf
 
arm-none-eabi-objdump -h -S  FunctionGeneratorCortexM4_SW_V1.elf  > "FunctionGeneratorCortexM4_SW_V1.list"
arm-none-eabi-objcopy  -O binary  FunctionGeneratorCortexM4_SW_V1.elf  "FunctionGeneratorCortexM4_SW_V1.bin"
arm-none-eabi-size   FunctionGeneratorCortexM4_SW_V1.elf 
   text	   data	    bss	    dec	    hex	filename
  28496	    128	   2320	  30944	   78e0	FunctionGeneratorCortexM4_SW_V1.elf
Finished building: default.size.stdout
 
Finished building: FunctionGeneratorCortexM4_SW_V1.bin
 
Finished building: FunctionGeneratorCortexM4_SW_V1.list
 
12:48:58 **** Incremental Build of configuration Debug for project FunctionGeneratorCortexM4_SW_V1 ****
make -j4 all 
arm-none-eabi-gcc "/home/chris/Projects/Embedded/FunctionGeneratorCortexM4_SW/ILI9341/ILI9341_STM32_Driver.c" -mcpu=cortex-m4 -std=gnu11 -g3 -DUSE_HAL_DRIVER -DSTM32G474xx -DDEBUG -c -I../Drivers/STM32G4xx_HAL_Driver/Inc/Legacy -I../Drivers/CMSIS/Include -I../Drivers/CMSIS/Device/ST/STM32G4xx/Include -I../Core/Inc -I../Drivers/STM32G4xx_HAL_Driver/Inc -I"/home/chris/Projects/Embedded/FunctionGeneratorCortexM4_SW/ILI9341" -O0 -ffunction-sections -fdata-sections -Wall -fstack-usage -MMD -MP -MF"ILI9341/ILI9341_STM32_Driver.d" -MT"ILI9341/ILI9341_STM32_Driver.o" --specs=nano.specs -mfpu=fpv4-sp-d16 -mfloat-abi=hard -mthumb -o "ILI9341/ILI9341_STM32_Driver.o"
arm-none-eabi-gcc "../Core/Src/main.c" -mcpu=cortex-m4 -std=gnu11 -g3 -DUSE_HAL_DRIVER -DSTM32G474xx -DDEBUG -c -I../Drivers/STM32G4xx_HAL_Driver/Inc/Legacy -I../Drivers/CMSIS/Include -I../Drivers/CMSIS/Device/ST/STM32G4xx/Include -I../Core/Inc -I../Drivers/STM32G4xx_HAL_Driver/Inc -I"/home/chris/Projects/Embedded/FunctionGeneratorCortexM4_SW/ILI9341" -O0 -ffunction-sections -fdata-sections -Wall -fstack-usage -MMD -MP -MF"Core/Src/main.d" -MT"Core/Src/main.o" --specs=nano.specs -mfpu=fpv4-sp-d16 -mfloat-abi=hard -mthumb -o "Core/Src/main.o"
arm-none-eabi-gcc -o "FunctionGeneratorCortexM4_SW_V1.elf" @"objects.list"   -mcpu=cortex-m4 -T"/home/chris/Projects/Embedded/FunctionGeneratorCortexM4_SW/FunctionGeneratorCortexM4_SW_V1/STM32G474RETX_FLASH.ld" --specs=nosys.specs -Wl,-Map="FunctionGeneratorCortexM4_SW_V1.map" -Wl,--gc-sections -static --specs=nano.specs -mfpu=fpv4-sp-d16 -mfloat-abi=hard -mthumb -Wl,--start-group -lc -lm -Wl,--end-group
Finished building target: FunctionGeneratorCortexM4_SW_V1.elf
 
arm-none-eabi-objdump -h -S  FunctionGeneratorCortexM4_SW_V1.elf  > "FunctionGeneratorCortexM4_SW_V1.list"
arm-none-eabi-objcopy  -O binary  FunctionGeneratorCortexM4_SW_V1.elf  "FunctionGeneratorCortexM4_SW_V1.bin"
arm-none-eabi-size   FunctionGeneratorCortexM4_SW_V1.elf 
   text	   data	    bss	    dec	    hex	filename
  31300	    128	   2320	  33748	   83d4	FunctionGeneratorCortexM4_SW_V1.elf
Finished building: default.size.stdout
 
Finished building: FunctionGeneratorCortexM4_SW_V1.bin
 
Finished building: FunctionGeneratorCortexM4_SW_V1.list
 
12:49:10 **** Incremental Build of configuration Debug for project FunctionGeneratorCortexM4_SW_V1 ****
make -j4 all 
arm-none-eabi-size   FunctionGeneratorCortexM4_SW_V1.elf 
   text	   data	    bss	    dec	    hex	filename
  31300	    128	   2320	  33748	   83d4	FunctionGeneratorCortexM4_SW_V1.elf
Finished building: default.size.stdout
 
14:04:23 **** Incremental Build of configuration Debug for project FunctionGeneratorCortexM4_SW_V1 ****
make -j4 all 
arm-none-eabi-gcc "/home/chris/Projects/Embedded/FunctionGeneratorCortexM4_SW/ILI9341/ILI9341_GFX.c" -mcpu=cortex-m4 -std=gnu11 -g3 -DUSE_HAL_DRIVER -DSTM32G474xx -DDEBUG -c -I../Drivers/STM32G4xx_HAL_Driver/Inc/Legacy -I../Drivers/CMSIS/Include -I../Drivers/CMSIS/Device/ST/STM32G4xx/Include -I../Core/Inc -I../Drivers/STM32G4xx_HAL_Driver/Inc -I"/home/chris/Projects/Embedded/FunctionGeneratorCortexM4_SW/ILI9341" -O0 -ffunction-sections -fdata-sections -Wall -fstack-usage -MMD -MP -MF"ILI9341/ILI9341_GFX.d" -MT"ILI9341/ILI9341_GFX.o" --specs=nano.specs -mfpu=fpv4-sp-d16 -mfloat-abi=hard -mthumb -o "ILI9341/ILI9341_GFX.o"
arm-none-eabi-gcc "/home/chris/Projects/Embedded/FunctionGeneratorCortexM4_SW/ILI9341/ILI9341_STM32_Driver.c" -mcpu=cortex-m4 -std=gnu11 -g3 -DUSE_HAL_DRIVER -DSTM32G474xx -DDEBUG -c -I../Drivers/STM32G4xx_HAL_Driver/Inc/Legacy -I../Drivers/CMSIS/Include -I../Drivers/CMSIS/Device/ST/STM32G4xx/Include -I../Core/Inc -I../Drivers/STM32G4xx_HAL_Driver/Inc -I"/home/chris/Projects/Embedded/FunctionGeneratorCortexM4_SW/ILI9341" -O0 -ffunction-sections -fdata-sections -Wall -fstack-usage -MMD -MP -MF"ILI9341/ILI9341_STM32_Driver.d" -MT"ILI9341/ILI9341_STM32_Driver.o" --specs=nano.specs -mfpu=fpv4-sp-d16 -mfloat-abi=hard -mthumb -o "ILI9341/ILI9341_STM32_Driver.o"
arm-none-eabi-gcc "../Drivers/STM32G4xx_HAL_Driver/Src/stm32g4xx_hal.c" -mcpu=cortex-m4 -std=gnu11 -g3 -DUSE_HAL_DRIVER -DSTM32G474xx -DDEBUG -c -I../Drivers/STM32G4xx_HAL_Driver/Inc/Legacy -I../Drivers/CMSIS/Include -I../Drivers/CMSIS/Device/ST/STM32G4xx/Include -I../Core/Inc -I../Drivers/STM32G4xx_HAL_Driver/Inc -I"/home/chris/Projects/Embedded/FunctionGeneratorCortexM4_SW/ILI9341" -O0 -ffunction-sections -fdata-sections -Wall -fstack-usage -MMD -MP -MF"Drivers/STM32G4xx_HAL_Driver/Src/stm32g4xx_hal.d" -MT"Drivers/STM32G4xx_HAL_Driver/Src/stm32g4xx_hal.o" --specs=nano.specs -mfpu=fpv4-sp-d16 -mfloat-abi=hard -mthumb -o "Drivers/STM32G4xx_HAL_Driver/Src/stm32g4xx_hal.o"
arm-none-eabi-gcc "../Drivers/STM32G4xx_HAL_Driver/Src/stm32g4xx_hal_adc.c" -mcpu=cortex-m4 -std=gnu11 -g3 -DUSE_HAL_DRIVER -DSTM32G474xx -DDEBUG -c -I../Drivers/STM32G4xx_HAL_Driver/Inc/Legacy -I../Drivers/CMSIS/Include -I../Drivers/CMSIS/Device/ST/STM32G4xx/Include -I../Core/Inc -I../Drivers/STM32G4xx_HAL_Driver/Inc -I"/home/chris/Projects/Embedded/FunctionGeneratorCortexM4_SW/ILI9341" -O0 -ffunction-sections -fdata-sections -Wall -fstack-usage -MMD -MP -MF"Drivers/STM32G4xx_HAL_Driver/Src/stm32g4xx_hal_adc.d" -MT"Drivers/STM32G4xx_HAL_Driver/Src/stm32g4xx_hal_adc.o" --specs=nano.specs -mfpu=fpv4-sp-d16 -mfloat-abi=hard -mthumb -o "Drivers/STM32G4xx_HAL_Driver/Src/stm32g4xx_hal_adc.o"
arm-none-eabi-gcc "../Drivers/STM32G4xx_HAL_Driver/Src/stm32g4xx_hal_adc_ex.c" -mcpu=cortex-m4 -std=gnu11 -g3 -DUSE_HAL_DRIVER -DSTM32G474xx -DDEBUG -c -I../Drivers/STM32G4xx_HAL_Driver/Inc/Legacy -I../Drivers/CMSIS/Include -I../Drivers/CMSIS/Device/ST/STM32G4xx/Include -I../Core/Inc -I../Drivers/STM32G4xx_HAL_Driver/Inc -I"/home/chris/Projects/Embedded/FunctionGeneratorCortexM4_SW/ILI9341" -O0 -ffunction-sections -fdata-sections -Wall -fstack-usage -MMD -MP -MF"Drivers/STM32G4xx_HAL_Driver/Src/stm32g4xx_hal_adc_ex.d" -MT"Drivers/STM32G4xx_HAL_Driver/Src/stm32g4xx_hal_adc_ex.o" --specs=nano.specs -mfpu=fpv4-sp-d16 -mfloat-abi=hard -mthumb -o "Drivers/STM32G4xx_HAL_Driver/Src/stm32g4xx_hal_adc_ex.o"
arm-none-eabi-gcc "../Drivers/STM32G4xx_HAL_Driver/Src/stm32g4xx_hal_comp.c" -mcpu=cortex-m4 -std=gnu11 -g3 -DUSE_HAL_DRIVER -DSTM32G474xx -DDEBUG -c -I../Drivers/STM32G4xx_HAL_Driver/Inc/Legacy -I../Drivers/CMSIS/Include -I../Drivers/CMSIS/Device/ST/STM32G4xx/Include -I../Core/Inc -I../Drivers/STM32G4xx_HAL_Driver/Inc -I"/home/chris/Projects/Embedded/FunctionGeneratorCortexM4_SW/ILI9341" -O0 -ffunction-sections -fdata-sections -Wall -fstack-usage -MMD -MP -MF"Drivers/STM32G4xx_HAL_Driver/Src/stm32g4xx_hal_comp.d" -MT"Drivers/STM32G4xx_HAL_Driver/Src/stm32g4xx_hal_comp.o" --specs=nano.specs -mfpu=fpv4-sp-d16 -mfloat-abi=hard -mthumb -o "Drivers/STM32G4xx_HAL_Driver/Src/stm32g4xx_hal_comp.o"
arm-none-eabi-gcc "../Drivers/STM32G4xx_HAL_Driver/Src/stm32g4xx_hal_cortex.c" -mcpu=cortex-m4 -std=gnu11 -g3 -DUSE_HAL_DRIVER -DSTM32G474xx -DDEBUG -c -I../Drivers/STM32G4xx_HAL_Driver/Inc/Legacy -I../Drivers/CMSIS/Include -I../Drivers/CMSIS/Device/ST/STM32G4xx/Include -I../Core/Inc -I../Drivers/STM32G4xx_HAL_Driver/Inc -I"/home/chris/Projects/Embedded/FunctionGeneratorCortexM4_SW/ILI9341" -O0 -ffunction-sections -fdata-sections -Wall -fstack-usage -MMD -MP -MF"Drivers/STM32G4xx_HAL_Driver/Src/stm32g4xx_hal_cortex.d" -MT"Drivers/STM32G4xx_HAL_Driver/Src/stm32g4xx_hal_cortex.o" --specs=nano.specs -mfpu=fpv4-sp-d16 -mfloat-abi=hard -mthumb -o "Drivers/STM32G4xx_HAL_Driver/Src/stm32g4xx_hal_cortex.o"
arm-none-eabi-gcc "../Drivers/STM32G4xx_HAL_Driver/Src/stm32g4xx_hal_dac.c" -mcpu=cortex-m4 -std=gnu11 -g3 -DUSE_HAL_DRIVER -DSTM32G474xx -DDEBUG -c -I../Drivers/STM32G4xx_HAL_Driver/Inc/Legacy -I../Drivers/CMSIS/Include -I../Drivers/CMSIS/Device/ST/STM32G4xx/Include -I../Core/Inc -I../Drivers/STM32G4xx_HAL_Driver/Inc -I"/home/chris/Projects/Embedded/FunctionGeneratorCortexM4_SW/ILI9341" -O0 -ffunction-sections -fdata-sections -Wall -fstack-usage -MMD -MP -MF"Drivers/STM32G4xx_HAL_Driver/Src/stm32g4xx_hal_dac.d" -MT"Drivers/STM32G4xx_HAL_Driver/Src/stm32g4xx_hal_dac.o" --specs=nano.specs -mfpu=fpv4-sp-d16 -mfloat-abi=hard -mthumb -o "Drivers/STM32G4xx_HAL_Driver/Src/stm32g4xx_hal_dac.o"
arm-none-eabi-gcc "../Drivers/STM32G4xx_HAL_Driver/Src/stm32g4xx_hal_dac_ex.c" -mcpu=cortex-m4 -std=gnu11 -g3 -DUSE_HAL_DRIVER -DSTM32G474xx -DDEBUG -c -I../Drivers/STM32G4xx_HAL_Driver/Inc/Legacy -I../Drivers/CMSIS/Include -I../Drivers/CMSIS/Device/ST/STM32G4xx/Include -I../Core/Inc -I../Drivers/STM32G4xx_HAL_Driver/Inc -I"/home/chris/Projects/Embedded/FunctionGeneratorCortexM4_SW/ILI9341" -O0 -ffunction-sections -fdata-sections -Wall -fstack-usage -MMD -MP -MF"Drivers/STM32G4xx_HAL_Driver/Src/stm32g4xx_hal_dac_ex.d" -MT"Drivers/STM32G4xx_HAL_Driver/Src/stm32g4xx_hal_dac_ex.o" --specs=nano.specs -mfpu=fpv4-sp-d16 -mfloat-abi=hard -mthumb -o "Drivers/STM32G4xx_HAL_Driver/Src/stm32g4xx_hal_dac_ex.o"
arm-none-eabi-gcc "../Drivers/STM32G4xx_HAL_Driver/Src/stm32g4xx_hal_dma.c" -mcpu=cortex-m4 -std=gnu11 -g3 -DUSE_HAL_DRIVER -DSTM32G474xx -DDEBUG -c -I../Drivers/STM32G4xx_HAL_Driver/Inc/Legacy -I../Drivers/CMSIS/Include -I../Drivers/CMSIS/Device/ST/STM32G4xx/Include -I../Core/Inc -I../Drivers/STM32G4xx_HAL_Driver/Inc -I"/home/chris/Projects/Embedded/FunctionGeneratorCortexM4_SW/ILI9341" -O0 -ffunction-sections -fdata-sections -Wall -fstack-usage -MMD -MP -MF"Drivers/STM32G4xx_HAL_Driver/Src/stm32g4xx_hal_dma.d" -MT"Drivers/STM32G4xx_HAL_Driver/Src/stm32g4xx_hal_dma.o" --specs=nano.specs -mfpu=fpv4-sp-d16 -mfloat-abi=hard -mthumb -o "Drivers/STM32G4xx_HAL_Driver/Src/stm32g4xx_hal_dma.o"
arm-none-eabi-gcc "../Drivers/STM32G4xx_HAL_Driver/Src/stm32g4xx_hal_dma_ex.c" -mcpu=cortex-m4 -std=gnu11 -g3 -DUSE_HAL_DRIVER -DSTM32G474xx -DDEBUG -c -I../Drivers/STM32G4xx_HAL_Driver/Inc/Legacy -I../Drivers/CMSIS/Include -I../Drivers/CMSIS/Device/ST/STM32G4xx/Include -I../Core/Inc -I../Drivers/STM32G4xx_HAL_Driver/Inc -I"/home/chris/Projects/Embedded/FunctionGeneratorCortexM4_SW/ILI9341" -O0 -ffunction-sections -fdata-sections -Wall -fstack-usage -MMD -MP -MF"Drivers/STM32G4xx_HAL_Driver/Src/stm32g4xx_hal_dma_ex.d" -MT"Drivers/STM32G4xx_HAL_Driver/Src/stm32g4xx_hal_dma_ex.o" --specs=nano.specs -mfpu=fpv4-sp-d16 -mfloat-abi=hard -mthumb -o "Drivers/STM32G4xx_HAL_Driver/Src/stm32g4xx_hal_dma_ex.o"
arm-none-eabi-gcc "../Drivers/STM32G4xx_HAL_Driver/Src/stm32g4xx_hal_exti.c" -mcpu=cortex-m4 -std=gnu11 -g3 -DUSE_HAL_DRIVER -DSTM32G474xx -DDEBUG -c -I../Drivers/STM32G4xx_HAL_Driver/Inc/Legacy -I../Drivers/CMSIS/Include -I../Drivers/CMSIS/Device/ST/STM32G4xx/Include -I../Core/Inc -I../Drivers/STM32G4xx_HAL_Driver/Inc -I"/home/chris/Projects/Embedded/FunctionGeneratorCortexM4_SW/ILI9341" -O0 -ffunction-sections -fdata-sections -Wall -fstack-usage -MMD -MP -MF"Drivers/STM32G4xx_HAL_Driver/Src/stm32g4xx_hal_exti.d" -MT"Drivers/STM32G4xx_HAL_Driver/Src/stm32g4xx_hal_exti.o" --specs=nano.specs -mfpu=fpv4-sp-d16 -mfloat-abi=hard -mthumb -o "Drivers/STM32G4xx_HAL_Driver/Src/stm32g4xx_hal_exti.o"
arm-none-eabi-gcc "../Drivers/STM32G4xx_HAL_Driver/Src/stm32g4xx_hal_flash.c" -mcpu=cortex-m4 -std=gnu11 -g3 -DUSE_HAL_DRIVER -DSTM32G474xx -DDEBUG -c -I../Drivers/STM32G4xx_HAL_Driver/Inc/Legacy -I../Drivers/CMSIS/Include -I../Drivers/CMSIS/Device/ST/STM32G4xx/Include -I../Core/Inc -I../Drivers/STM32G4xx_HAL_Driver/Inc -I"/home/chris/Projects/Embedded/FunctionGeneratorCortexM4_SW/ILI9341" -O0 -ffunction-sections -fdata-sections -Wall -fstack-usage -MMD -MP -MF"Drivers/STM32G4xx_HAL_Driver/Src/stm32g4xx_hal_flash.d" -MT"Drivers/STM32G4xx_HAL_Driver/Src/stm32g4xx_hal_flash.o" --specs=nano.specs -mfpu=fpv4-sp-d16 -mfloat-abi=hard -mthumb -o "Drivers/STM32G4xx_HAL_Driver/Src/stm32g4xx_hal_flash.o"
arm-none-eabi-gcc "../Drivers/STM32G4xx_HAL_Driver/Src/stm32g4xx_hal_flash_ex.c" -mcpu=cortex-m4 -std=gnu11 -g3 -DUSE_HAL_DRIVER -DSTM32G474xx -DDEBUG -c -I../Drivers/STM32G4xx_HAL_Driver/Inc/Legacy -I../Drivers/CMSIS/Include -I../Drivers/CMSIS/Device/ST/STM32G4xx/Include -I../Core/Inc -I../Drivers/STM32G4xx_HAL_Driver/Inc -I"/home/chris/Projects/Embedded/FunctionGeneratorCortexM4_SW/ILI9341" -O0 -ffunction-sections -fdata-sections -Wall -fstack-usage -MMD -MP -MF"Drivers/STM32G4xx_HAL_Driver/Src/stm32g4xx_hal_flash_ex.d" -MT"Drivers/STM32G4xx_HAL_Driver/Src/stm32g4xx_hal_flash_ex.o" --specs=nano.specs -mfpu=fpv4-sp-d16 -mfloat-abi=hard -mthumb -o "Drivers/STM32G4xx_HAL_Driver/Src/stm32g4xx_hal_flash_ex.o"
arm-none-eabi-gcc "../Drivers/STM32G4xx_HAL_Driver/Src/stm32g4xx_hal_flash_ramfunc.c" -mcpu=cortex-m4 -std=gnu11 -g3 -DUSE_HAL_DRIVER -DSTM32G474xx -DDEBUG -c -I../Drivers/STM32G4xx_HAL_Driver/Inc/Legacy -I../Drivers/CMSIS/Include -I../Drivers/CMSIS/Device/ST/STM32G4xx/Include -I../Core/Inc -I../Drivers/STM32G4xx_HAL_Driver/Inc -I"/home/chris/Projects/Embedded/FunctionGeneratorCortexM4_SW/ILI9341" -O0 -ffunction-sections -fdata-sections -Wall -fstack-usage -MMD -MP -MF"Drivers/STM32G4xx_HAL_Driver/Src/stm32g4xx_hal_flash_ramfunc.d" -MT"Drivers/STM32G4xx_HAL_Driver/Src/stm32g4xx_hal_flash_ramfunc.o" --specs=nano.specs -mfpu=fpv4-sp-d16 -mfloat-abi=hard -mthumb -o "Drivers/STM32G4xx_HAL_Driver/Src/stm32g4xx_hal_flash_ramfunc.o"
arm-none-eabi-gcc "../Drivers/STM32G4xx_HAL_Driver/Src/stm32g4xx_hal_gpio.c" -mcpu=cortex-m4 -std=gnu11 -g3 -DUSE_HAL_DRIVER -DSTM32G474xx -DDEBUG -c -I../Drivers/STM32G4xx_HAL_Driver/Inc/Legacy -I../Drivers/CMSIS/Include -I../Drivers/CMSIS/Device/ST/STM32G4xx/Include -I../Core/Inc -I../Drivers/STM32G4xx_HAL_Driver/Inc -I"/home/chris/Projects/Embedded/FunctionGeneratorCortexM4_SW/ILI9341" -O0 -ffunction-sections -fdata-sections -Wall -fstack-usage -MMD -MP -MF"Drivers/STM32G4xx_HAL_Driver/Src/stm32g4xx_hal_gpio.d" -MT"Drivers/STM32G4xx_HAL_Driver/Src/stm32g4xx_hal_gpio.o" --specs=nano.specs -mfpu=fpv4-sp-d16 -mfloat-abi=hard -mthumb -o "Drivers/STM32G4xx_HAL_Driver/Src/stm32g4xx_hal_gpio.o"
arm-none-eabi-gcc "../Drivers/STM32G4xx_HAL_Driver/Src/stm32g4xx_hal_pwr.c" -mcpu=cortex-m4 -std=gnu11 -g3 -DUSE_HAL_DRIVER -DSTM32G474xx -DDEBUG -c -I../Drivers/STM32G4xx_HAL_Driver/Inc/Legacy -I../Drivers/CMSIS/Include -I../Drivers/CMSIS/Device/ST/STM32G4xx/Include -I../Core/Inc -I../Drivers/STM32G4xx_HAL_Driver/Inc -I"/home/chris/Projects/Embedded/FunctionGeneratorCortexM4_SW/ILI9341" -O0 -ffunction-sections -fdata-sections -Wall -fstack-usage -MMD -MP -MF"Drivers/STM32G4xx_HAL_Driver/Src/stm32g4xx_hal_pwr.d" -MT"Drivers/STM32G4xx_HAL_Driver/Src/stm32g4xx_hal_pwr.o" --specs=nano.specs -mfpu=fpv4-sp-d16 -mfloat-abi=hard -mthumb -o "Drivers/STM32G4xx_HAL_Driver/Src/stm32g4xx_hal_pwr.o"
arm-none-eabi-gcc "../Drivers/STM32G4xx_HAL_Driver/Src/stm32g4xx_hal_pwr_ex.c" -mcpu=cortex-m4 -std=gnu11 -g3 -DUSE_HAL_DRIVER -DSTM32G474xx -DDEBUG -c -I../Drivers/STM32G4xx_HAL_Driver/Inc/Legacy -I../Drivers/CMSIS/Include -I../Drivers/CMSIS/Device/ST/STM32G4xx/Include -I../Core/Inc -I../Drivers/STM32G4xx_HAL_Driver/Inc -I"/home/chris/Projects/Embedded/FunctionGeneratorCortexM4_SW/ILI9341" -O0 -ffunction-sections -fdata-sections -Wall -fstack-usage -MMD -MP -MF"Drivers/STM32G4xx_HAL_Driver/Src/stm32g4xx_hal_pwr_ex.d" -MT"Drivers/STM32G4xx_HAL_Driver/Src/stm32g4xx_hal_pwr_ex.o" --specs=nano.specs -mfpu=fpv4-sp-d16 -mfloat-abi=hard -mthumb -o "Drivers/STM32G4xx_HAL_Driver/Src/stm32g4xx_hal_pwr_ex.o"
arm-none-eabi-gcc "../Drivers/STM32G4xx_HAL_Driver/Src/stm32g4xx_hal_rcc.c" -mcpu=cortex-m4 -std=gnu11 -g3 -DUSE_HAL_DRIVER -DSTM32G474xx -DDEBUG -c -I../Drivers/STM32G4xx_HAL_Driver/Inc/Legacy -I../Drivers/CMSIS/Include -I../Drivers/CMSIS/Device/ST/STM32G4xx/Include -I../Core/Inc -I../Drivers/STM32G4xx_HAL_Driver/Inc -I"/home/chris/Projects/Embedded/FunctionGeneratorCortexM4_SW/ILI9341" -O0 -ffunction-sections -fdata-sections -Wall -fstack-usage -MMD -MP -MF"Drivers/STM32G4xx_HAL_Driver/Src/stm32g4xx_hal_rcc.d" -MT"Drivers/STM32G4xx_HAL_Driver/Src/stm32g4xx_hal_rcc.o" --specs=nano.specs -mfpu=fpv4-sp-d16 -mfloat-abi=hard -mthumb -o "Drivers/STM32G4xx_HAL_Driver/Src/stm32g4xx_hal_rcc.o"
arm-none-eabi-gcc "../Drivers/STM32G4xx_HAL_Driver/Src/stm32g4xx_hal_rcc_ex.c" -mcpu=cortex-m4 -std=gnu11 -g3 -DUSE_HAL_DRIVER -DSTM32G474xx -DDEBUG -c -I../Drivers/STM32G4xx_HAL_Driver/Inc/Legacy -I../Drivers/CMSIS/Include -I../Drivers/CMSIS/Device/ST/STM32G4xx/Include -I../Core/Inc -I../Drivers/STM32G4xx_HAL_Driver/Inc -I"/home/chris/Projects/Embedded/FunctionGeneratorCortexM4_SW/ILI9341" -O0 -ffunction-sections -fdata-sections -Wall -fstack-usage -MMD -MP -MF"Drivers/STM32G4xx_HAL_Driver/Src/stm32g4xx_hal_rcc_ex.d" -MT"Drivers/STM32G4xx_HAL_Driver/Src/stm32g4xx_hal_rcc_ex.o" --specs=nano.specs -mfpu=fpv4-sp-d16 -mfloat-abi=hard -mthumb -o "Drivers/STM32G4xx_HAL_Driver/Src/stm32g4xx_hal_rcc_ex.o"
arm-none-eabi-gcc "../Drivers/STM32G4xx_HAL_Driver/Src/stm32g4xx_hal_rng.c" -mcpu=cortex-m4 -std=gnu11 -g3 -DUSE_HAL_DRIVER -DSTM32G474xx -DDEBUG -c -I../Drivers/STM32G4xx_HAL_Driver/Inc/Legacy -I../Drivers/CMSIS/Include -I../Drivers/CMSIS/Device/ST/STM32G4xx/Include -I../Core/Inc -I../Drivers/STM32G4xx_HAL_Driver/Inc -I"/home/chris/Projects/Embedded/FunctionGeneratorCortexM4_SW/ILI9341" -O0 -ffunction-sections -fdata-sections -Wall -fstack-usage -MMD -MP -MF"Drivers/STM32G4xx_HAL_Driver/Src/stm32g4xx_hal_rng.d" -MT"Drivers/STM32G4xx_HAL_Driver/Src/stm32g4xx_hal_rng.o" --specs=nano.specs -mfpu=fpv4-sp-d16 -mfloat-abi=hard -mthumb -o "Drivers/STM32G4xx_HAL_Driver/Src/stm32g4xx_hal_rng.o"
arm-none-eabi-gcc "../Drivers/STM32G4xx_HAL_Driver/Src/stm32g4xx_hal_spi.c" -mcpu=cortex-m4 -std=gnu11 -g3 -DUSE_HAL_DRIVER -DSTM32G474xx -DDEBUG -c -I../Drivers/STM32G4xx_HAL_Driver/Inc/Legacy -I../Drivers/CMSIS/Include -I../Drivers/CMSIS/Device/ST/STM32G4xx/Include -I../Core/Inc -I../Drivers/STM32G4xx_HAL_Driver/Inc -I"/home/chris/Projects/Embedded/FunctionGeneratorCortexM4_SW/ILI9341" -O0 -ffunction-sections -fdata-sections -Wall -fstack-usage -MMD -MP -MF"Drivers/STM32G4xx_HAL_Driver/Src/stm32g4xx_hal_spi.d" -MT"Drivers/STM32G4xx_HAL_Driver/Src/stm32g4xx_hal_spi.o" --specs=nano.specs -mfpu=fpv4-sp-d16 -mfloat-abi=hard -mthumb -o "Drivers/STM32G4xx_HAL_Driver/Src/stm32g4xx_hal_spi.o"
arm-none-eabi-gcc "../Drivers/STM32G4xx_HAL_Driver/Src/stm32g4xx_hal_spi_ex.c" -mcpu=cortex-m4 -std=gnu11 -g3 -DUSE_HAL_DRIVER -DSTM32G474xx -DDEBUG -c -I../Drivers/STM32G4xx_HAL_Driver/Inc/Legacy -I../Drivers/CMSIS/Include -I../Drivers/CMSIS/Device/ST/STM32G4xx/Include -I../Core/Inc -I../Drivers/STM32G4xx_HAL_Driver/Inc -I"/home/chris/Projects/Embedded/FunctionGeneratorCortexM4_SW/ILI9341" -O0 -ffunction-sections -fdata-sections -Wall -fstack-usage -MMD -MP -MF"Drivers/STM32G4xx_HAL_Driver/Src/stm32g4xx_hal_spi_ex.d" -MT"Drivers/STM32G4xx_HAL_Driver/Src/stm32g4xx_hal_spi_ex.o" --specs=nano.specs -mfpu=fpv4-sp-d16 -mfloat-abi=hard -mthumb -o "Drivers/STM32G4xx_HAL_Driver/Src/stm32g4xx_hal_spi_ex.o"
arm-none-eabi-gcc "../Drivers/STM32G4xx_HAL_Driver/Src/stm32g4xx_hal_tim.c" -mcpu=cortex-m4 -std=gnu11 -g3 -DUSE_HAL_DRIVER -DSTM32G474xx -DDEBUG -c -I../Drivers/STM32G4xx_HAL_Driver/Inc/Legacy -I../Drivers/CMSIS/Include -I../Drivers/CMSIS/Device/ST/STM32G4xx/Include -I../Core/Inc -I../Drivers/STM32G4xx_HAL_Driver/Inc -I"/home/chris/Projects/Embedded/FunctionGeneratorCortexM4_SW/ILI9341" -O0 -ffunction-sections -fdata-sections -Wall -fstack-usage -MMD -MP -MF"Drivers/STM32G4xx_HAL_Driver/Src/stm32g4xx_hal_tim.d" -MT"Drivers/STM32G4xx_HAL_Driver/Src/stm32g4xx_hal_tim.o" --specs=nano.specs -mfpu=fpv4-sp-d16 -mfloat-abi=hard -mthumb -o "Drivers/STM32G4xx_HAL_Driver/Src/stm32g4xx_hal_tim.o"
arm-none-eabi-gcc "../Drivers/STM32G4xx_HAL_Driver/Src/stm32g4xx_hal_tim_ex.c" -mcpu=cortex-m4 -std=gnu11 -g3 -DUSE_HAL_DRIVER -DSTM32G474xx -DDEBUG -c -I../Drivers/STM32G4xx_HAL_Driver/Inc/Legacy -I../Drivers/CMSIS/Include -I../Drivers/CMSIS/Device/ST/STM32G4xx/Include -I../Core/Inc -I../Drivers/STM32G4xx_HAL_Driver/Inc -I"/home/chris/Projects/Embedded/FunctionGeneratorCortexM4_SW/ILI9341" -O0 -ffunction-sections -fdata-sections -Wall -fstack-usage -MMD -MP -MF"Drivers/STM32G4xx_HAL_Driver/Src/stm32g4xx_hal_tim_ex.d" -MT"Drivers/STM32G4xx_HAL_Driver/Src/stm32g4xx_hal_tim_ex.o" --specs=nano.specs -mfpu=fpv4-sp-d16 -mfloat-abi=hard -mthumb -o "Drivers/STM32G4xx_HAL_Driver/Src/stm32g4xx_hal_tim_ex.o"
arm-none-eabi-gcc "../Drivers/STM32G4xx_HAL_Driver/Src/stm32g4xx_ll_adc.c" -mcpu=cortex-m4 -std=gnu11 -g3 -DUSE_HAL_DRIVER -DSTM32G474xx -DDEBUG -c -I../Drivers/STM32G4xx_HAL_Driver/Inc/Legacy -I../Drivers/CMSIS/Include -I../Drivers/CMSIS/Device/ST/STM32G4xx/Include -I../Core/Inc -I../Drivers/STM32G4xx_HAL_Driver/Inc -I"/home/chris/Projects/Embedded/FunctionGeneratorCortexM4_SW/ILI9341" -O0 -ffunction-sections -fdata-sections -Wall -fstack-usage -MMD -MP -MF"Drivers/STM32G4xx_HAL_Driver/Src/stm32g4xx_ll_adc.d" -MT"Drivers/STM32G4xx_HAL_Driver/Src/stm32g4xx_ll_adc.o" --specs=nano.specs -mfpu=fpv4-sp-d16 -mfloat-abi=hard -mthumb -o "Drivers/STM32G4xx_HAL_Driver/Src/stm32g4xx_ll_adc.o"
arm-none-eabi-gcc "../Drivers/STM32G4xx_HAL_Driver/Src/stm32g4xx_ll_pwr.c" -mcpu=cortex-m4 -std=gnu11 -g3 -DUSE_HAL_DRIVER -DSTM32G474xx -DDEBUG -c -I../Drivers/STM32G4xx_HAL_Driver/Inc/Legacy -I../Drivers/CMSIS/Include -I../Drivers/CMSIS/Device/ST/STM32G4xx/Include -I../Core/Inc -I../Drivers/STM32G4xx_HAL_Driver/Inc -I"/home/chris/Projects/Embedded/FunctionGeneratorCortexM4_SW/ILI9341" -O0 -ffunction-sections -fdata-sections -Wall -fstack-usage -MMD -MP -MF"Drivers/STM32G4xx_HAL_Driver/Src/stm32g4xx_ll_pwr.d" -MT"Drivers/STM32G4xx_HAL_Driver/Src/stm32g4xx_ll_pwr.o" --specs=nano.specs -mfpu=fpv4-sp-d16 -mfloat-abi=hard -mthumb -o "Drivers/STM32G4xx_HAL_Driver/Src/stm32g4xx_ll_pwr.o"
arm-none-eabi-gcc "../Core/Src/adc.c" -mcpu=cortex-m4 -std=gnu11 -g3 -DUSE_HAL_DRIVER -DSTM32G474xx -DDEBUG -c -I../Drivers/STM32G4xx_HAL_Driver/Inc/Legacy -I../Drivers/CMSIS/Include -I../Drivers/CMSIS/Device/ST/STM32G4xx/Include -I../Core/Inc -I../Drivers/STM32G4xx_HAL_Driver/Inc -I"/home/chris/Projects/Embedded/FunctionGeneratorCortexM4_SW/ILI9341" -O0 -ffunction-sections -fdata-sections -Wall -fstack-usage -MMD -MP -MF"Core/Src/adc.d" -MT"Core/Src/adc.o" --specs=nano.specs -mfpu=fpv4-sp-d16 -mfloat-abi=hard -mthumb -o "Core/Src/adc.o"
arm-none-eabi-gcc "../Core/Src/comp.c" -mcpu=cortex-m4 -std=gnu11 -g3 -DUSE_HAL_DRIVER -DSTM32G474xx -DDEBUG -c -I../Drivers/STM32G4xx_HAL_Driver/Inc/Legacy -I../Drivers/CMSIS/Include -I../Drivers/CMSIS/Device/ST/STM32G4xx/Include -I../Core/Inc -I../Drivers/STM32G4xx_HAL_Driver/Inc -I"/home/chris/Projects/Embedded/FunctionGeneratorCortexM4_SW/ILI9341" -O0 -ffunction-sections -fdata-sections -Wall -fstack-usage -MMD -MP -MF"Core/Src/comp.d" -MT"Core/Src/comp.o" --specs=nano.specs -mfpu=fpv4-sp-d16 -mfloat-abi=hard -mthumb -o "Core/Src/comp.o"
arm-none-eabi-gcc "../Core/Src/dac.c" -mcpu=cortex-m4 -std=gnu11 -g3 -DUSE_HAL_DRIVER -DSTM32G474xx -DDEBUG -c -I../Drivers/STM32G4xx_HAL_Driver/Inc/Legacy -I../Drivers/CMSIS/Include -I../Drivers/CMSIS/Device/ST/STM32G4xx/Include -I../Core/Inc -I../Drivers/STM32G4xx_HAL_Driver/Inc -I"/home/chris/Projects/Embedded/FunctionGeneratorCortexM4_SW/ILI9341" -O0 -ffunction-sections -fdata-sections -Wall -fstack-usage -MMD -MP -MF"Core/Src/dac.d" -MT"Core/Src/dac.o" --specs=nano.specs -mfpu=fpv4-sp-d16 -mfloat-abi=hard -mthumb -o "Core/Src/dac.o"
arm-none-eabi-gcc "../Core/Src/dma.c" -mcpu=cortex-m4 -std=gnu11 -g3 -DUSE_HAL_DRIVER -DSTM32G474xx -DDEBUG -c -I../Drivers/STM32G4xx_HAL_Driver/Inc/Legacy -I../Drivers/CMSIS/Include -I../Drivers/CMSIS/Device/ST/STM32G4xx/Include -I../Core/Inc -I../Drivers/STM32G4xx_HAL_Driver/Inc -I"/home/chris/Projects/Embedded/FunctionGeneratorCortexM4_SW/ILI9341" -O0 -ffunction-sections -fdata-sections -Wall -fstack-usage -MMD -MP -MF"Core/Src/dma.d" -MT"Core/Src/dma.o" --specs=nano.specs -mfpu=fpv4-sp-d16 -mfloat-abi=hard -mthumb -o "Core/Src/dma.o"
arm-none-eabi-gcc "../Core/Src/funcgen.c" -mcpu=cortex-m4 -std=gnu11 -g3 -DUSE_HAL_DRIVER -DSTM32G474xx -DDEBUG -c -I../Drivers/STM32G4xx_HAL_Driver/Inc/Legacy -I../Drivers/CMSIS/Include -I../Drivers/CMSIS/Device/ST/STM32G4xx/Include -I../Core/Inc -I../Drivers/STM32G4xx_HAL_Driver/Inc -I"/home/chris/Projects/Embedded/FunctionGeneratorCortexM4_SW/ILI9341" -O0 -ffunction-sections -fdata-sections -Wall -fstack-usage -MMD -MP -MF"Core/Src/funcgen.d" -MT"Core/Src/funcgen.o" --specs=nano.specs -mfpu=fpv4-sp-d16 -mfloat-abi=hard -mthumb -o "Core/Src/funcgen.o"
arm-none-eabi-gcc "../Core/Src/gpio.c" -mcpu=cortex-m4 -std=gnu11 -g3 -DUSE_HAL_DRIVER -DSTM32G474xx -DDEBUG -c -I../Drivers/STM32G4xx_HAL_Driver/Inc/Legacy -I../Drivers/CMSIS/Include -I../Drivers/CMSIS/Device/ST/STM32G4xx/Include -I../Core/Inc -I../Drivers/STM32G4xx_HAL_Driver/Inc -I"/home/chris/Projects/Embedded/FunctionGeneratorCortexM4_SW/ILI9341" -O0 -ffunction-sections -fdata-sections -Wall -fstack-usage -MMD -MP -MF"Core/Src/gpio.d" -MT"Core/Src/gpio.o" --specs=nano.specs -mfpu=fpv4-sp-d16 -mfloat-abi=hard -mthumb -o "Core/Src/gpio.o"
arm-none-eabi-gcc "../Core/Src/main.c" -mcpu=cortex-m4 -std=gnu11 -g3 -DUSE_HAL_DRIVER -DSTM32G474xx -DDEBUG -c -I../Drivers/STM32G4xx_HAL_Driver/Inc/Legacy -I../Drivers/CMSIS/Include -I../Drivers/CMSIS/Device/ST/STM32G4xx/Include -I../Core/Inc -I../Drivers/STM32G4xx_HAL_Driver/Inc -I"/home/chris/Projects/Embedded/FunctionGeneratorCortexM4_SW/ILI9341" -O0 -ffunction-sections -fdata-sections -Wall -fstack-usage -MMD -MP -MF"Core/Src/main.d" -MT"Core/Src/main.o" --specs=nano.specs -mfpu=fpv4-sp-d16 -mfloat-abi=hard -mthumb -o "Core/Src/main.o"
arm-none-eabi-gcc "../Core/Src/rng.c" -mcpu=cortex-m4 -std=gnu11 -g3 -DUSE_HAL_DRIVER -DSTM32G474xx -DDEBUG -c -I../Drivers/STM32G4xx_HAL_Driver/Inc/Legacy -I../Drivers/CMSIS/Include -I../Drivers/CMSIS/Device/ST/STM32G4xx/Include -I../Core/Inc -I../Drivers/STM32G4xx_HAL_Driver/Inc -I"/home/chris/Projects/Embedded/FunctionGeneratorCortexM4_SW/ILI9341" -O0 -ffunction-sections -fdata-sections -Wall -fstack-usage -MMD -MP -MF"Core/Src/rng.d" -MT"Core/Src/rng.o" --specs=nano.specs -mfpu=fpv4-sp-d16 -mfloat-abi=hard -mthumb -o "Core/Src/rng.o"
arm-none-eabi-gcc "../Core/Src/spi.c" -mcpu=cortex-m4 -std=gnu11 -g3 -DUSE_HAL_DRIVER -DSTM32G474xx -DDEBUG -c -I../Drivers/STM32G4xx_HAL_Driver/Inc/Legacy -I../Drivers/CMSIS/Include -I../Drivers/CMSIS/Device/ST/STM32G4xx/Include -I../Core/Inc -I../Drivers/STM32G4xx_HAL_Driver/Inc -I"/home/chris/Projects/Embedded/FunctionGeneratorCortexM4_SW/ILI9341" -O0 -ffunction-sections -fdata-sections -Wall -fstack-usage -MMD -MP -MF"Core/Src/spi.d" -MT"Core/Src/spi.o" --specs=nano.specs -mfpu=fpv4-sp-d16 -mfloat-abi=hard -mthumb -o "Core/Src/spi.o"
arm-none-eabi-gcc "../Core/Src/stm32g4xx_hal_msp.c" -mcpu=cortex-m4 -std=gnu11 -g3 -DUSE_HAL_DRIVER -DSTM32G474xx -DDEBUG -c -I../Drivers/STM32G4xx_HAL_Driver/Inc/Legacy -I../Drivers/CMSIS/Include -I../Drivers/CMSIS/Device/ST/STM32G4xx/Include -I../Core/Inc -I../Drivers/STM32G4xx_HAL_Driver/Inc -I"/home/chris/Projects/Embedded/FunctionGeneratorCortexM4_SW/ILI9341" -O0 -ffunction-sections -fdata-sections -Wall -fstack-usage -MMD -MP -MF"Core/Src/stm32g4xx_hal_msp.d" -MT"Core/Src/stm32g4xx_hal_msp.o" --specs=nano.specs -mfpu=fpv4-sp-d16 -mfloat-abi=hard -mthumb -o "Core/Src/stm32g4xx_hal_msp.o"
arm-none-eabi-gcc "../Core/Src/stm32g4xx_it.c" -mcpu=cortex-m4 -std=gnu11 -g3 -DUSE_HAL_DRIVER -DSTM32G474xx -DDEBUG -c -I../Drivers/STM32G4xx_HAL_Driver/Inc/Legacy -I../Drivers/CMSIS/Include -I../Drivers/CMSIS/Device/ST/STM32G4xx/Include -I../Core/Inc -I../Drivers/STM32G4xx_HAL_Driver/Inc -I"/home/chris/Projects/Embedded/FunctionGeneratorCortexM4_SW/ILI9341" -O0 -ffunction-sections -fdata-sections -Wall -fstack-usage -MMD -MP -MF"Core/Src/stm32g4xx_it.d" -MT"Core/Src/stm32g4xx_it.o" --specs=nano.specs -mfpu=fpv4-sp-d16 -mfloat-abi=hard -mthumb -o "Core/Src/stm32g4xx_it.o"
arm-none-eabi-gcc "../Core/Src/system_stm32g4xx.c" -mcpu=cortex-m4 -std=gnu11 -g3 -DUSE_HAL_DRIVER -DSTM32G474xx -DDEBUG -c -I../Drivers/STM32G4xx_HAL_Driver/Inc/Legacy -I../Drivers/CMSIS/Include -I../Drivers/CMSIS/Device/ST/STM32G4xx/Include -I../Core/Inc -I../Drivers/STM32G4xx_HAL_Driver/Inc -I"/home/chris/Projects/Embedded/FunctionGeneratorCortexM4_SW/ILI9341" -O0 -ffunction-sections -fdata-sections -Wall -fstack-usage -MMD -MP -MF"Core/Src/system_stm32g4xx.d" -MT"Core/Src/system_stm32g4xx.o" --specs=nano.specs -mfpu=fpv4-sp-d16 -mfloat-abi=hard -mthumb -o "Core/Src/system_stm32g4xx.o"
arm-none-eabi-gcc "../Core/Src/tim.c" -mcpu=cortex-m4 -std=gnu11 -g3 -DUSE_HAL_DRIVER -DSTM32G474xx -DDEBUG -c -I../Drivers/STM32G4xx_HAL_Driver/Inc/Legacy -I../Drivers/CMSIS/Include -I../Drivers/CMSIS/Device/ST/STM32G4xx/Include -I../Core/Inc -I../Drivers/STM32G4xx_HAL_Driver/Inc -I"/home/chris/Projects/Embedded/FunctionGeneratorCortexM4_SW/ILI9341" -O0 -ffunction-sections -fdata-sections -Wall -fstack-usage -MMD -MP -MF"Core/Src/tim.d" -MT"Core/Src/tim.o" --specs=nano.specs -mfpu=fpv4-sp-d16 -mfloat-abi=hard -mthumb -o "Core/Src/tim.o"
arm-none-eabi-gcc -o "FunctionGeneratorCortexM4_SW_V1.elf" @"objects.list"   -mcpu=cortex-m4 -T"/home/chris/Projects/Embedded/FunctionGeneratorCortexM4_SW/FunctionGeneratorCortexM4_SW_V1/STM32G474RETX_FLASH.ld" --specs=nosys.specs -Wl,-Map="FunctionGeneratorCortexM4_SW_V1.map" -Wl,--gc-sections -static --specs=nano.specs -mfpu=fpv4-sp-d16 -mfloat-abi=hard -mthumb -Wl,--start-group -lc -lm -Wl,--end-group
Finished building target: FunctionGeneratorCortexM4_SW_V1.elf
 
arm-none-eabi-objdump -h -S  FunctionGeneratorCortexM4_SW_V1.elf  > "FunctionGeneratorCortexM4_SW_V1.list"
arm-none-eabi-objcopy  -O binary  FunctionGeneratorCortexM4_SW_V1.elf  "FunctionGeneratorCortexM4_SW_V1.bin"
arm-none-eabi-size   FunctionGeneratorCortexM4_SW_V1.elf 
   text	   data	    bss	    dec	    hex	filename
  32376	    128	   2400	  34904	   8858	FunctionGeneratorCortexM4_SW_V1.elf
Finished building: default.size.stdout
 
Finished building: FunctionGeneratorCortexM4_SW_V1.bin
 
Finished building: FunctionGeneratorCortexM4_SW_V1.list
 
